<?xml version="1.0" encoding="UTF-8"?>
<testsuites>
	<testsuite name="Дымовые тесты" errors="0" skipped="0" tests="1" failures="1" time="20.918">
		<testcase name="Запись нового &quot;справочника Tarifele&quot;" classname="Дымовые тесты" time="20.918">
			<error>Поле "Наименование" доступен только для просмотра Справочник.Tarifele.ФормаОбъекта

{ВнешняяОбработка.Условие.Форма.Форма.Форма(263)}:

Технические данные:
        ЗаголовокАктивногоОкна: Tarifele (создание)
        ИмяАктивнойФормы: Справочник.Tarifele.ФормаОбъекта
        ИмяФичи: Дымовые тесты
        ИмяСценария: Запись нового "справочника Tarifele"
        НомерСтрокиДерева: 17
        НомерСтрокиФичи: 23
        ПолныйПутьКФиче: e:\vanessa\corp\features\beforeRelease\0001. Справочники.ЗаписьНового.feature
        ИмяФайла: e:\vanessa\vanessa-automation\features\Libraries\Условие\step_definitions\Условие.epf
        ИмяПроцедуры: ЯВызываюИсключение
        ИмяРаннера: ts1scont
        ТипПлатформы: Windows x86
        ТипКлиентаТестирования: Тонкий
        СтрокаСоединения: File="e:\vanessa\corp\features\tools\ServiceBases\Bases\v83CORP";
        PIDКлиентаТестирования: 8108
        ВерсияVA: ver 1.2.038.1
        ВерсияПлатформы: 8.3.19.1229
        РежимСовместимостиTestManager: Версия8_3_18
        ДатаВремяОшибки: 28.08.2022 8:43:45
</error>
			<system-out>[[ATTACHMENT|/tools/ServiceBases/ScreenShots/15723e6c-32ad-40e8-aeb7-27b372aa2a38-attachment.png]]</system-out>
		</testcase>
	</testsuite>
	<testsuite name="Дымовые тесты" errors="0" skipped="0" tests="2" failures="2" time="13.026">
		<testcase name="Запись нового &quot;справочника Tarifele&quot;" classname="Дымовые тесты" time="6.532">
			<error>Поле "Наименование" доступен только для просмотра Справочник.Tarifele.ФормаОбъекта

{ВнешняяОбработка.Условие.Форма.Форма.Форма(263)}:

Технические данные:
        ЗаголовокАктивногоОкна: Tarifele (создание)
        ИмяАктивнойФормы: Справочник.Tarifele.ФормаОбъекта
        ИмяФичи: Дымовые тесты
        ИмяСценария: Запись нового "справочника Tarifele"
        НомерСтрокиДерева: 41
        НомерСтрокиФичи: 18
        ПолныйПутьКФиче: e:\vanessa\corp\features\beforeRelease\0002. Справочники.ЗаписьНового.feature
        ИмяФайла: e:\vanessa\vanessa-automation\features\Libraries\Условие\step_definitions\Условие.epf
        ИмяПроцедуры: ЯВызываюИсключение
        ИмяРаннера: ts1scont
        ТипПлатформы: Windows x86
        ТипКлиентаТестирования: Тонкий
        СтрокаСоединения: File="e:\vanessa\corp\features\tools\ServiceBases\Bases\v83CORP";
        PIDКлиентаТестирования: 8108
        ВерсияVA: ver 1.2.038.1
        ВерсияПлатформы: 8.3.19.1229
        РежимСовместимостиTestManager: Версия8_3_18
        ДатаВремяОшибки: 28.08.2022 8:43:55
</error>
			<system-out>[[ATTACHMENT|/tools/ServiceBases/ScreenShots/a5cae533-706f-4a69-ab05-3c7894fa2ab3-attachment.png]]</system-out>
		</testcase>
		<testcase name="Запись нового &quot;справочника Авто_БланкиВнешние&quot;" classname="Дымовые тесты" time="6.494">
			<error>Поле "Наименование" доступен только для просмотра Справочник.Авто_БланкиВнешние.ФормаОбъекта

{ВнешняяОбработка.Условие.Форма.Форма.Форма(263)}:

Технические данные:
        ЗаголовокАктивногоОкна: Бланки внешние (создание)
        ИмяАктивнойФормы: Справочник.Авто_БланкиВнешние.ФормаОбъекта
        ИмяФичи: Дымовые тесты
        ИмяСценария: Запись нового "справочника Авто_БланкиВнешние"
        НомерСтрокиДерева: 60
        НомерСтрокиФичи: 41
        ПолныйПутьКФиче: e:\vanessa\corp\features\beforeRelease\0002. Справочники.ЗаписьНового.feature
        ИмяФайла: e:\vanessa\vanessa-automation\features\Libraries\Условие\step_definitions\Условие.epf
        ИмяПроцедуры: ЯВызываюИсключение
        ИмяРаннера: ts1scont
        ТипПлатформы: Windows x86
        ТипКлиентаТестирования: Тонкий
        СтрокаСоединения: File="e:\vanessa\corp\features\tools\ServiceBases\Bases\v83CORP";
        PIDКлиентаТестирования: 8108
        ВерсияVA: ver 1.2.038.1
        ВерсияПлатформы: 8.3.19.1229
        РежимСовместимостиTestManager: Версия8_3_18
        ДатаВремяОшибки: 28.08.2022 8:44:05
</error>
			<system-out>[[ATTACHMENT|/tools/ServiceBases/ScreenShots/5c69a465-91f3-411b-a6b4-fe4136b1ccde-attachment.png]]</system-out>
		</testcase>
	</testsuite>
</testsuites>