<?xml version="1.0" encoding="UTF-8"?>
<testsuites>
	<testsuite name="Дымовые тесты" errors="0" skipped="0" tests="159" failures="117" time="1265.328">
		<testcase name="Запись нового &quot;справочника Tarifele&quot;" classname="Дымовые тесты" time="9">
			<error>Не удалось установить значение в поле "Наименование" Справочник.Tarifele.ФормаОбъекта

{ВнешняяОбработка.Условие.Форма.Форма.Форма(263)}:

Технические данные:
        ЗаголовокАктивногоОкна: Tarifele (создание)
        ИмяАктивнойФормы: Справочник.Tarifele.ФормаОбъекта
        ИмяФичи: Дымовые тесты
        ИмяСценария: Запись нового "справочника Tarifele"
        НомерСтрокиДерева: 20
        НомерСтрокиФичи: 28
        ПолныйПутьКФиче: E:\vanessa\corp\features\beforeRelease_AllTests\0001. Справочники.ЗаписьНового.feature
        ИмяФайла: e:\vanessa\vanessa-automation\features\Libraries\Условие\step_definitions\Условие.epf
        ИмяПроцедуры: ЯВызываюИсключение
        ИмяРаннера: ts1scont
        ТипПлатформы: Windows x86
        ТипКлиентаТестирования: Тонкий
        СтрокаСоединения: File="e:\vanessa\corp\features\tools\ServiceBases\Bases\v83CORP";
        PIDКлиентаТестирования: 1420
        ВерсияVA: ver 1.2.038.1
        ВерсияПлатформы: 8.3.19.1229
        РежимСовместимостиTestManager: Версия8_3_18
        ДатаВремяОшибки: 27.08.2022 22:31:04
</error>
			<system-out>[[ATTACHMENT|/tools/ServiceBases/ScreenShots/edab8332-e6cf-47da-bf83-182107df5775-attachment.png]]</system-out>
		</testcase>
		<testcase name="Запись нового &quot;справочника Авто_БланкиВнешние&quot;" classname="Дымовые тесты" time="8.886">
			<error>Не удалось установить значение в поле "Наименование" Справочник.Авто_БланкиВнешние.ФормаОбъекта

{ВнешняяОбработка.Условие.Форма.Форма.Форма(263)}:

Технические данные:
        ЗаголовокАктивногоОкна: Бланки внешние (создание)
        ИмяАктивнойФормы: Справочник.Авто_БланкиВнешние.ФормаОбъекта
        ИмяФичи: Дымовые тесты
        ИмяСценария: Запись нового "справочника Авто_БланкиВнешние"
        НомерСтрокиДерева: 42
        НомерСтрокиФичи: 56
        ПолныйПутьКФиче: E:\vanessa\corp\features\beforeRelease_AllTests\0001. Справочники.ЗаписьНового.feature
        ИмяФайла: e:\vanessa\vanessa-automation\features\Libraries\Условие\step_definitions\Условие.epf
        ИмяПроцедуры: ЯВызываюИсключение
        ИмяРаннера: ts1scont
        ТипПлатформы: Windows x86
        ТипКлиентаТестирования: Тонкий
        СтрокаСоединения: File="e:\vanessa\corp\features\tools\ServiceBases\Bases\v83CORP";
        PIDКлиентаТестирования: 1420
        ВерсияVA: ver 1.2.038.1
        ВерсияПлатформы: 8.3.19.1229
        РежимСовместимостиTestManager: Версия8_3_18
        ДатаВремяОшибки: 27.08.2022 22:31:17
</error>
			<system-out>[[ATTACHMENT|/tools/ServiceBases/ScreenShots/680ff899-1186-4677-92e5-d5052519ff26-attachment.png]]</system-out>
		</testcase>
		<testcase name="Запись нового &quot;справочника Авто_ВидыОплаты&quot;" classname="Дымовые тесты" time="8.891">
			<error>Не удалось установить значение в поле "Наименование" Справочник.Авто_ВидыОплаты.ФормаОбъекта

{ВнешняяОбработка.Условие.Форма.Форма.Форма(263)}:

Технические данные:
        ЗаголовокАктивногоОкна: Авто виды оплаты (создание)
        ИмяАктивнойФормы: Справочник.Авто_ВидыОплаты.ФормаОбъекта
        ИмяФичи: Дымовые тесты
        ИмяСценария: Запись нового "справочника Авто_ВидыОплаты"
        НомерСтрокиДерева: 64
        НомерСтрокиФичи: 84
        ПолныйПутьКФиче: E:\vanessa\corp\features\beforeRelease_AllTests\0001. Справочники.ЗаписьНового.feature
        ИмяФайла: e:\vanessa\vanessa-automation\features\Libraries\Условие\step_definitions\Условие.epf
        ИмяПроцедуры: ЯВызываюИсключение
        ИмяРаннера: ts1scont
        ТипПлатформы: Windows x86
        ТипКлиентаТестирования: Тонкий
        СтрокаСоединения: File="e:\vanessa\corp\features\tools\ServiceBases\Bases\v83CORP";
        PIDКлиентаТестирования: 1420
        ВерсияVA: ver 1.2.038.1
        ВерсияПлатформы: 8.3.19.1229
        РежимСовместимостиTestManager: Версия8_3_18
        ДатаВремяОшибки: 27.08.2022 22:31:30
</error>
			<system-out>[[ATTACHMENT|/tools/ServiceBases/ScreenShots/f4f0dd69-cd9b-4232-a5b4-b97e34297221-attachment.png]]</system-out>
		</testcase>
		<testcase name="Запись нового &quot;справочника Авто_ВидыТМЦ&quot;" classname="Дымовые тесты" time="8.95">
			<error>Не удалось установить значение в поле "Наименование" Справочник.Авто_ВидыТМЦ.ФормаОбъекта

{ВнешняяОбработка.Условие.Форма.Форма.Форма(263)}:

Технические данные:
        ЗаголовокАктивногоОкна: Виды ТМЦ (комплектация) (создание)
        ИмяАктивнойФормы: Справочник.Авто_ВидыТМЦ.ФормаОбъекта
        ИмяФичи: Дымовые тесты
        ИмяСценария: Запись нового "справочника Авто_ВидыТМЦ"
        НомерСтрокиДерева: 86
        НомерСтрокиФичи: 112
        ПолныйПутьКФиче: E:\vanessa\corp\features\beforeRelease_AllTests\0001. Справочники.ЗаписьНового.feature
        ИмяФайла: e:\vanessa\vanessa-automation\features\Libraries\Условие\step_definitions\Условие.epf
        ИмяПроцедуры: ЯВызываюИсключение
        ИмяРаннера: ts1scont
        ТипПлатформы: Windows x86
        ТипКлиентаТестирования: Тонкий
        СтрокаСоединения: File="e:\vanessa\corp\features\tools\ServiceBases\Bases\v83CORP";
        PIDКлиентаТестирования: 1420
        ВерсияVA: ver 1.2.038.1
        ВерсияПлатформы: 8.3.19.1229
        РежимСовместимостиTestManager: Версия8_3_18
        ДатаВремяОшибки: 27.08.2022 22:31:43
</error>
			<system-out>[[ATTACHMENT|/tools/ServiceBases/ScreenShots/88a7582e-5dd9-4f30-a275-a93056671796-attachment.png]]</system-out>
		</testcase>
		<testcase name="Запись нового &quot;справочника Авто_КонтрагентыВнешние&quot;" classname="Дымовые тесты" time="5.848">
			<error>Не удалось открыть форму справочника Авто_КонтрагентыВнешние

{ВнешняяОбработка.Условие.Форма.Форма.Форма(263)}:

Технические данные:
        ЗаголовокАктивногоОкна: 1С:Предприятие
        ИмяАктивнойФормы: ErrorWindow
        ИмяФичи: Дымовые тесты
        ИмяСценария: Запись нового "справочника Авто_КонтрагентыВнешние"
        НомерСтрокиДерева: 97
        НомерСтрокиФичи: 127
        ПолныйПутьКФиче: E:\vanessa\corp\features\beforeRelease_AllTests\0001. Справочники.ЗаписьНового.feature
        ИмяФайла: e:\vanessa\vanessa-automation\features\Libraries\Условие\step_definitions\Условие.epf
        ИмяПроцедуры: ЯВызываюИсключение
        ИмяРаннера: ts1scont
        ТипПлатформы: Windows x86
        ТипКлиентаТестирования: Тонкий
        СтрокаСоединения: File="e:\vanessa\corp\features\tools\ServiceBases\Bases\v83CORP";
        PIDКлиентаТестирования: 1420
        ВерсияVA: ver 1.2.038.1
        ВерсияПлатформы: 8.3.19.1229
        РежимСовместимостиTestManager: Версия8_3_18
        ДатаВремяОшибки: 27.08.2022 22:31:53
Текст модального окна:
    К сожалению, возникла непредвиденная ошибка  Попробуйте повторить операцию. Если ошибка повторится, попробуйте перезапустить приложение или обратитесь к администратору приложения или техническому специалисту.
</error>
			<system-out>[[ATTACHMENT|/tools/ServiceBases/ScreenShots/7f5fd384-13f6-490d-b800-a7f38fbadfb7-attachment.png]]</system-out>
		</testcase>
		<testcase name="Запись нового &quot;справочника Авто_Маршруты&quot;" classname="Дымовые тесты" time="8.773">
			<error>Не удалось установить значение в поле "Наименование" Справочник.Авто_Маршруты.ФормаОбъекта

{ВнешняяОбработка.Условие.Форма.Форма.Форма(263)}:

Технические данные:
        ЗаголовокАктивногоОкна: Авто маршруты (создание)
        ИмяАктивнойФормы: Справочник.Авто_Маршруты.ФормаОбъекта
        ИмяФичи: Дымовые тесты
        ИмяСценария: Запись нового "справочника Авто_Маршруты"
        НомерСтрокиДерева: 130
        НомерСтрокиФичи: 168
        ПолныйПутьКФиче: E:\vanessa\corp\features\beforeRelease_AllTests\0001. Справочники.ЗаписьНового.feature
        ИмяФайла: e:\vanessa\vanessa-automation\features\Libraries\Условие\step_definitions\Условие.epf
        ИмяПроцедуры: ЯВызываюИсключение
        ИмяРаннера: ts1scont
        ТипПлатформы: Windows x86
        ТипКлиентаТестирования: Тонкий
        СтрокаСоединения: File="e:\vanessa\corp\features\tools\ServiceBases\Bases\v83CORP";
        PIDКлиентаТестирования: 1420
        ВерсияVA: ver 1.2.038.1
        ВерсияПлатформы: 8.3.19.1229
        РежимСовместимостиTestManager: Версия8_3_18
        ДатаВремяОшибки: 27.08.2022 22:32:08
</error>
			<system-out>[[ATTACHMENT|/tools/ServiceBases/ScreenShots/c19ef75c-62ee-4859-8177-d52c86062c71-attachment.png]]</system-out>
		</testcase>
		<testcase name="Запись нового &quot;справочника Авто_ТипыАвто&quot;" classname="Дымовые тесты" time="9.906">
			<error>Не удалось установить значение в поле "Наименование" Справочник.Авто_ТипыАвто.ФормаОбъекта

{ВнешняяОбработка.Условие.Форма.Форма.Форма(263)}:

Технические данные:
        ЗаголовокАктивногоОкна: Типы автомашин (создание)
        ИмяАктивнойФормы: Справочник.Авто_ТипыАвто.ФормаОбъекта
        ИмяФичи: Дымовые тесты
        ИмяСценария: Запись нового "справочника Авто_ТипыАвто"
        НомерСтрокиДерева: 152
        НомерСтрокиФичи: 196
        ПолныйПутьКФиче: E:\vanessa\corp\features\beforeRelease_AllTests\0001. Справочники.ЗаписьНового.feature
        ИмяФайла: e:\vanessa\vanessa-automation\features\Libraries\Условие\step_definitions\Условие.epf
        ИмяПроцедуры: ЯВызываюИсключение
        ИмяРаннера: ts1scont
        ТипПлатформы: Windows x86
        ТипКлиентаТестирования: Тонкий
        СтрокаСоединения: File="e:\vanessa\corp\features\tools\ServiceBases\Bases\v83CORP";
        PIDКлиентаТестирования: 1420
        ВерсияVA: ver 1.2.038.1
        ВерсияПлатформы: 8.3.19.1229
        РежимСовместимостиTestManager: Версия8_3_18
        ДатаВремяОшибки: 27.08.2022 22:32:22
</error>
			<system-out>[[ATTACHMENT|/tools/ServiceBases/ScreenShots/384b3b79-83fd-4a97-85dd-560bf3105a68-attachment.png]]</system-out>
		</testcase>
		<testcase name="Запись нового &quot;справочника АвтоПас_Рейсы&quot;" classname="Дымовые тесты" time="9.093">
			<error>Элемента формы с именем &lt;Наименование&gt; не найдено.

{ВнешняяОбработка.VanessaAutomation.Форма.УправляемаяФорма.Форма(6328)}:

Технические данные:
        ЗаголовокАктивногоОкна: Авто пас рейсы (создание)
        ИмяАктивнойФормы: Справочник.АвтоПас_Рейсы.Форма.ФормаЭлемента
        ИмяФичи: Дымовые тесты
        ИмяСценария: Запись нового "справочника АвтоПас_Рейсы"
        НомерСтрокиДерева: 169
        НомерСтрокиФичи: 219
        ПолныйПутьКФиче: E:\vanessa\corp\features\beforeRelease_AllTests\0001. Справочники.ЗаписьНового.feature
        ИмяФайла: e:\vanessa\vanessa-automation\features\Libraries\Условие\step_definitions\Условие.epf
        ИмяПроцедуры: ЭлементДоступенДляРедактированияТогда
        ИмяРаннера: ts1scont
        ТипПлатформы: Windows x86
        ТипКлиентаТестирования: Тонкий
        СтрокаСоединения: File="e:\vanessa\corp\features\tools\ServiceBases\Bases\v83CORP";
        PIDКлиентаТестирования: 1420
        ВерсияVA: ver 1.2.038.1
        ВерсияПлатформы: 8.3.19.1229
        РежимСовместимостиTestManager: Версия8_3_18
        ДатаВремяОшибки: 27.08.2022 22:32:35
</error>
			<system-out>[[ATTACHMENT|/tools/ServiceBases/ScreenShots/fa52d57d-0b10-43a7-a414-bbed7e40449e-attachment.png]]</system-out>
		</testcase>
		<testcase name="Запись нового &quot;справочника АдресаПотребителейКомунальныхУслуг&quot;" classname="Дымовые тесты" time="9.047">
			<error>Не удалось установить значение в поле "Наименование" Справочник.АдресаПотребителейКомунальныхУслуг.ФормаОбъекта

{ВнешняяОбработка.Условие.Форма.Форма.Форма(263)}:

Технические данные:
        ЗаголовокАктивногоОкна: Адреса потребителей комунальных услуг (ЖКХ) (создание)
        ИмяАктивнойФормы: Справочник.АдресаПотребителейКомунальныхУслуг.ФормаОбъекта
        ИмяФичи: Дымовые тесты
        ИмяСценария: Запись нового "справочника АдресаПотребителейКомунальныхУслуг"
        НомерСтрокиДерева: 196
        НомерСтрокиФичи: 252
        ПолныйПутьКФиче: E:\vanessa\corp\features\beforeRelease_AllTests\0001. Справочники.ЗаписьНового.feature
        ИмяФайла: e:\vanessa\vanessa-automation\features\Libraries\Условие\step_definitions\Условие.epf
        ИмяПроцедуры: ЯВызываюИсключение
        ИмяРаннера: ts1scont
        ТипПлатформы: Windows x86
        ТипКлиентаТестирования: Тонкий
        СтрокаСоединения: File="e:\vanessa\corp\features\tools\ServiceBases\Bases\v83CORP";
        PIDКлиентаТестирования: 1420
        ВерсияVA: ver 1.2.038.1
        ВерсияПлатформы: 8.3.19.1229
        РежимСовместимостиTestManager: Версия8_3_18
        ДатаВремяОшибки: 27.08.2022 22:32:48
</error>
			<system-out>[[ATTACHMENT|/tools/ServiceBases/ScreenShots/d9ccb589-028e-4c89-ab12-190885ded88c-attachment.png]]</system-out>
		</testcase>
		<testcase name="Запись нового &quot;справочника Банки&quot;" classname="Дымовые тесты" time="9.258">
			<error>Не удалось установить значение в поле "Наименование" Справочник.Банки.ФормаОбъекта

{ВнешняяОбработка.Условие.Форма.Форма.Форма(263)}:

Технические данные:
        ЗаголовокАктивногоОкна: Банки (создание)
        ИмяАктивнойФормы: Справочник.Банки.ФормаОбъекта
        ИмяФичи: Дымовые тесты
        ИмяСценария: Запись нового "справочника Банки"
        НомерСтрокиДерева: 218
        НомерСтрокиФичи: 280
        ПолныйПутьКФиче: E:\vanessa\corp\features\beforeRelease_AllTests\0001. Справочники.ЗаписьНового.feature
        ИмяФайла: e:\vanessa\vanessa-automation\features\Libraries\Условие\step_definitions\Условие.epf
        ИмяПроцедуры: ЯВызываюИсключение
        ИмяРаннера: ts1scont
        ТипПлатформы: Windows x86
        ТипКлиентаТестирования: Тонкий
        СтрокаСоединения: File="e:\vanessa\corp\features\tools\ServiceBases\Bases\v83CORP";
        PIDКлиентаТестирования: 1420
        ВерсияVA: ver 1.2.038.1
        ВерсияПлатформы: 8.3.19.1229
        РежимСовместимостиTestManager: Версия8_3_18
        ДатаВремяОшибки: 27.08.2022 22:33:01
</error>
			<system-out>[[ATTACHMENT|/tools/ServiceBases/ScreenShots/08fa6790-3486-43d3-bb1f-3721acf47db6-attachment.png]]</system-out>
		</testcase>
		<testcase name="Запись нового &quot;справочника Бланки&quot;" classname="Дымовые тесты" time="8.831">
			<error>Не удалось установить значение в поле "Наименование" Справочник.Бланки.ФормаОбъекта

{ВнешняяОбработка.Условие.Форма.Форма.Форма(263)}:

Технические данные:
        ЗаголовокАктивногоОкна: Бланки (создание)
        ИмяАктивнойФормы: Справочник.Бланки.ФормаОбъекта
        ИмяФичи: Дымовые тесты
        ИмяСценария: Запись нового "справочника Бланки"
        НомерСтрокиДерева: 240
        НомерСтрокиФичи: 308
        ПолныйПутьКФиче: E:\vanessa\corp\features\beforeRelease_AllTests\0001. Справочники.ЗаписьНового.feature
        ИмяФайла: e:\vanessa\vanessa-automation\features\Libraries\Условие\step_definitions\Условие.epf
        ИмяПроцедуры: ЯВызываюИсключение
        ИмяРаннера: ts1scont
        ТипПлатформы: Windows x86
        ТипКлиентаТестирования: Тонкий
        СтрокаСоединения: File="e:\vanessa\corp\features\tools\ServiceBases\Bases\v83CORP";
        PIDКлиентаТестирования: 1420
        ВерсияVA: ver 1.2.038.1
        ВерсияПлатформы: 8.3.19.1229
        РежимСовместимостиTestManager: Версия8_3_18
        ДатаВремяОшибки: 27.08.2022 22:33:14
</error>
			<system-out>[[ATTACHMENT|/tools/ServiceBases/ScreenShots/17bbf42a-5bd0-428e-93ab-cfae2468f258-attachment.png]]</system-out>
		</testcase>
		<testcase name="Запись нового &quot;справочника БланкиСтрогойОтчетности&quot;" classname="Дымовые тесты" time="3.726"/>
		<testcase name="Запись нового &quot;справочника Валюты&quot;" classname="Дымовые тесты" time="3.985"/>
		<testcase name="Запись нового &quot;справочника Взаиморасчеты&quot;" classname="Дымовые тесты" time="9.011">
			<error>Не удалось установить значение в поле "Наименование" Справочник.Взаиморасчеты.ФормаОбъекта

{ВнешняяОбработка.Условие.Форма.Форма.Форма(263)}:

Технические данные:
        ЗаголовокАктивногоОкна: Взаиморасчеты (создание)
        ИмяАктивнойФормы: Справочник.Взаиморасчеты.ФормаОбъекта
        ИмяФичи: Дымовые тесты
        ИмяСценария: Запись нового "справочника Взаиморасчеты"
        НомерСтрокиДерева: 306
        НомерСтрокиФичи: 392
        ПолныйПутьКФиче: E:\vanessa\corp\features\beforeRelease_AllTests\0001. Справочники.ЗаписьНового.feature
        ИмяФайла: e:\vanessa\vanessa-automation\features\Libraries\Условие\step_definitions\Условие.epf
        ИмяПроцедуры: ЯВызываюИсключение
        ИмяРаннера: ts1scont
        ТипПлатформы: Windows x86
        ТипКлиентаТестирования: Тонкий
        СтрокаСоединения: File="e:\vanessa\corp\features\tools\ServiceBases\Bases\v83CORP";
        PIDКлиентаТестирования: 1420
        ВерсияVA: ver 1.2.038.1
        ВерсияПлатформы: 8.3.19.1229
        РежимСовместимостиTestManager: Версия8_3_18
        ДатаВремяОшибки: 27.08.2022 22:33:37
</error>
			<system-out>[[ATTACHMENT|/tools/ServiceBases/ScreenShots/814d05d2-70b6-406c-bd53-790cb55518f3-attachment.png]]</system-out>
		</testcase>
		<testcase name="Запись нового &quot;справочника ВидыВыбытияОС&quot;" classname="Дымовые тесты" time="9.076">
			<error>Не удалось установить значение в поле "Наименование" Справочник.ВидыВыбытияОС.ФормаОбъекта

{ВнешняяОбработка.Условие.Форма.Форма.Форма(263)}:

Технические данные:
        ЗаголовокАктивногоОкна: Виды выбытия ОС (создание)
        ИмяАктивнойФормы: Справочник.ВидыВыбытияОС.ФормаОбъекта
        ИмяФичи: Дымовые тесты
        ИмяСценария: Запись нового "справочника ВидыВыбытияОС"
        НомерСтрокиДерева: 328
        НомерСтрокиФичи: 420
        ПолныйПутьКФиче: E:\vanessa\corp\features\beforeRelease_AllTests\0001. Справочники.ЗаписьНового.feature
        ИмяФайла: e:\vanessa\vanessa-automation\features\Libraries\Условие\step_definitions\Условие.epf
        ИмяПроцедуры: ЯВызываюИсключение
        ИмяРаннера: ts1scont
        ТипПлатформы: Windows x86
        ТипКлиентаТестирования: Тонкий
        СтрокаСоединения: File="e:\vanessa\corp\features\tools\ServiceBases\Bases\v83CORP";
        PIDКлиентаТестирования: 1420
        ВерсияVA: ver 1.2.038.1
        ВерсияПлатформы: 8.3.19.1229
        РежимСовместимостиTestManager: Версия8_3_18
        ДатаВремяОшибки: 27.08.2022 22:33:50
</error>
			<system-out>[[ATTACHMENT|/tools/ServiceBases/ScreenShots/2ce81300-7596-4958-88dc-2f2124118cb6-attachment.png]]</system-out>
		</testcase>
		<testcase name="Запись нового &quot;справочника ВидыДеятельности&quot;" classname="Дымовые тесты" time="3.625"/>
		<testcase name="Запись нового &quot;справочника ВидыКонтактнойИнформации&quot;" classname="Дымовые тесты" time="15.5">
			<error>Ожидали в течение &lt;10&gt; секунд закрытия формы &lt;Справочник.ВидыКонтактнойИнформации.Форма.ФормаЭлементаУФ&gt;.

Технические данные:
        ЗаголовокАктивногоОкна: 1С:Предприятие
        ИмяАктивнойФормы: ErrorWindow
        ИмяФичи: Дымовые тесты
        ИмяСценария: Запись нового "справочника ВидыКонтактнойИнформации"
        НомерСтрокиДерева: 375
        НомерСтрокиФичи: 480
        ПолныйПутьКФиче: E:\vanessa\corp\features\beforeRelease_AllTests\0001. Справочники.ЗаписьНового.feature
        ИмяФайла: e:\vanessa\vanessa-automation\features\Libraries\UITestRunner\step_definitions\РаботаСИнтерфейсом.epf
        ИмяПроцедуры: ЯЖдуЗакрытияФормыСИменемВТечениеСекунд
        ИмяРаннера: ts1scont
        ТипПлатформы: Windows x86
        ТипКлиентаТестирования: Тонкий
        СтрокаСоединения: File="e:\vanessa\corp\features\tools\ServiceBases\Bases\v83CORP";
        PIDКлиентаТестирования: 1420
        ВерсияVA: ver 1.2.038.1
        ВерсияПлатформы: 8.3.19.1229
        РежимСовместимостиTestManager: Версия8_3_18
        ДатаВремяОшибки: 27.08.2022 22:34:15
Текст модального окна:
    Не удалось записать "Тестовый (Виды контактной информации)"!</error>
			<system-out>[[ATTACHMENT|/tools/ServiceBases/ScreenShots/49ef16d9-9d38-45fd-be42-0957e5407dce-attachment.png]]</system-out>
		</testcase>
		<testcase name="Запись нового &quot;справочника ВидыЛьгот&quot;" classname="Дымовые тесты" time="8.563">
			<error>Не удалось установить значение в поле "Наименование" Справочник.ВидыЛьгот.ФормаОбъекта

{ВнешняяОбработка.Условие.Форма.Форма.Форма(263)}:

Технические данные:
        ЗаголовокАктивногоОкна: Виды льгот (создание)
        ИмяАктивнойФормы: Справочник.ВидыЛьгот.ФормаОбъекта
        ИмяФичи: Дымовые тесты
        ИмяСценария: Запись нового "справочника ВидыЛьгот"
        НомерСтрокиДерева: 394
        НомерСтрокиФичи: 504
        ПолныйПутьКФиче: E:\vanessa\corp\features\beforeRelease_AllTests\0001. Справочники.ЗаписьНового.feature
        ИмяФайла: e:\vanessa\vanessa-automation\features\Libraries\Условие\step_definitions\Условие.epf
        ИмяПроцедуры: ЯВызываюИсключение
        ИмяРаннера: ts1scont
        ТипПлатформы: Windows x86
        ТипКлиентаТестирования: Тонкий
        СтрокаСоединения: File="e:\vanessa\corp\features\tools\ServiceBases\Bases\v83CORP";
        PIDКлиентаТестирования: 1420
        ВерсияVA: ver 1.2.038.1
        ВерсияПлатформы: 8.3.19.1229
        РежимСовместимостиTestManager: Версия8_3_18
        ДатаВремяОшибки: 27.08.2022 22:34:30
</error>
			<system-out>[[ATTACHMENT|/tools/ServiceBases/ScreenShots/e26346db-ffb5-4fe7-a1eb-43a2f2060d2e-attachment.png]]</system-out>
		</testcase>
		<testcase name="Запись нового &quot;справочника ВидыОсвобождений&quot;" classname="Дымовые тесты" time="8.803">
			<error>Не удалось установить значение в поле "Наименование" Справочник.ВидыОсвобождений.ФормаОбъекта

{ВнешняяОбработка.Условие.Форма.Форма.Форма(263)}:

Технические данные:
        ЗаголовокАктивногоОкна: Виды освобождений по подоходному налогу (создание)
        ИмяАктивнойФормы: Справочник.ВидыОсвобождений.ФормаОбъекта
        ИмяФичи: Дымовые тесты
        ИмяСценария: Запись нового "справочника ВидыОсвобождений"
        НомерСтрокиДерева: 416
        НомерСтрокиФичи: 532
        ПолныйПутьКФиче: E:\vanessa\corp\features\beforeRelease_AllTests\0001. Справочники.ЗаписьНового.feature
        ИмяФайла: e:\vanessa\vanessa-automation\features\Libraries\Условие\step_definitions\Условие.epf
        ИмяПроцедуры: ЯВызываюИсключение
        ИмяРаннера: ts1scont
        ТипПлатформы: Windows x86
        ТипКлиентаТестирования: Тонкий
        СтрокаСоединения: File="e:\vanessa\corp\features\tools\ServiceBases\Bases\v83CORP";
        PIDКлиентаТестирования: 1420
        ВерсияVA: ver 1.2.038.1
        ВерсияПлатформы: 8.3.19.1229
        РежимСовместимостиTestManager: Версия8_3_18
        ДатаВремяОшибки: 27.08.2022 22:34:43
</error>
			<system-out>[[ATTACHMENT|/tools/ServiceBases/ScreenShots/16463c1f-a808-4294-b110-2a6f77bef5a7-attachment.png]]</system-out>
		</testcase>
		<testcase name="Запись нового &quot;справочника ВидыОсвобожденийПоПН&quot;" classname="Дымовые тесты" time="7.861">
			<error>Элемента формы с именем &lt;Наименование&gt; не найдено.

{ВнешняяОбработка.VanessaAutomation.Форма.УправляемаяФорма.Форма(6328)}:

Технические данные:
        ЗаголовокАктивногоОкна: Виды освобождений по ПН: Виды освобождений по ПН (расш.) (создание)
        ИмяАктивнойФормы: Справочник.ВидыОсвобожденийПоПН.Форма.ФормаЭлементаУФ
        ИмяФичи: Дымовые тесты
        ИмяСценария: Запись нового "справочника ВидыОсвобожденийПоПН"
        НомерСтрокиДерева: 433
        НомерСтрокиФичи: 555
        ПолныйПутьКФиче: E:\vanessa\corp\features\beforeRelease_AllTests\0001. Справочники.ЗаписьНового.feature
        ИмяФайла: e:\vanessa\vanessa-automation\features\Libraries\Условие\step_definitions\Условие.epf
        ИмяПроцедуры: ЭлементДоступенДляРедактированияТогда
        ИмяРаннера: ts1scont
        ТипПлатформы: Windows x86
        ТипКлиентаТестирования: Тонкий
        СтрокаСоединения: File="e:\vanessa\corp\features\tools\ServiceBases\Bases\v83CORP";
        PIDКлиентаТестирования: 1420
        ВерсияVA: ver 1.2.038.1
        ВерсияПлатформы: 8.3.19.1229
        РежимСовместимостиTestManager: Версия8_3_18
        ДатаВремяОшибки: 27.08.2022 22:34:55
</error>
			<system-out>[[ATTACHMENT|/tools/ServiceBases/ScreenShots/63035fc8-5d7e-4e2a-b375-07403be62446-attachment.png]]</system-out>
		</testcase>
		<testcase name="Запись нового &quot;справочника ВидыОтпусков&quot;" classname="Дымовые тесты" time="8.656">
			<error>Не удалось установить значение в поле "Наименование" Справочник.ВидыОтпусков.ФормаОбъекта

{ВнешняяОбработка.Условие.Форма.Форма.Форма(263)}:

Технические данные:
        ЗаголовокАктивногоОкна: Виды отпусков (создание)
        ИмяАктивнойФормы: Справочник.ВидыОтпусков.ФормаОбъекта
        ИмяФичи: Дымовые тесты
        ИмяСценария: Запись нового "справочника ВидыОтпусков"
        НомерСтрокиДерева: 460
        НомерСтрокиФичи: 588
        ПолныйПутьКФиче: E:\vanessa\corp\features\beforeRelease_AllTests\0001. Справочники.ЗаписьНового.feature
        ИмяФайла: e:\vanessa\vanessa-automation\features\Libraries\Условие\step_definitions\Условие.epf
        ИмяПроцедуры: ЯВызываюИсключение
        ИмяРаннера: ts1scont
        ТипПлатформы: Windows x86
        ТипКлиентаТестирования: Тонкий
        СтрокаСоединения: File="e:\vanessa\corp\features\tools\ServiceBases\Bases\v83CORP";
        PIDКлиентаТестирования: 1420
        ВерсияVA: ver 1.2.038.1
        ВерсияПлатформы: 8.3.19.1229
        РежимСовместимостиTestManager: Версия8_3_18
        ДатаВремяОшибки: 27.08.2022 22:35:08
</error>
			<system-out>[[ATTACHMENT|/tools/ServiceBases/ScreenShots/95f298d6-1ca1-4c13-85c2-5b54e9565515-attachment.png]]</system-out>
		</testcase>
		<testcase name="Запись нового &quot;справочника ВидыПоступленийОС&quot;" classname="Дымовые тесты" time="8.124">
			<error>Не удалось установить значение в поле "Наименование" Справочник.ВидыПоступленийОС.ФормаОбъекта

{ВнешняяОбработка.Условие.Форма.Форма.Форма(263)}:

Технические данные:
        ЗаголовокАктивногоОкна: Виды поступлений ОС (создание)
        ИмяАктивнойФормы: Справочник.ВидыПоступленийОС.ФормаОбъекта
        ИмяФичи: Дымовые тесты
        ИмяСценария: Запись нового "справочника ВидыПоступленийОС"
        НомерСтрокиДерева: 482
        НомерСтрокиФичи: 616
        ПолныйПутьКФиче: E:\vanessa\corp\features\beforeRelease_AllTests\0001. Справочники.ЗаписьНового.feature
        ИмяФайла: e:\vanessa\vanessa-automation\features\Libraries\Условие\step_definitions\Условие.epf
        ИмяПроцедуры: ЯВызываюИсключение
        ИмяРаннера: ts1scont
        ТипПлатформы: Windows x86
        ТипКлиентаТестирования: Тонкий
        СтрокаСоединения: File="e:\vanessa\corp\features\tools\ServiceBases\Bases\v83CORP";
        PIDКлиентаТестирования: 1420
        ВерсияVA: ver 1.2.038.1
        ВерсияПлатформы: 8.3.19.1229
        РежимСовместимостиTestManager: Версия8_3_18
        ДатаВремяОшибки: 27.08.2022 22:35:20
</error>
			<system-out>[[ATTACHMENT|/tools/ServiceBases/ScreenShots/2cc5ca24-5900-41e6-95bb-7f397dd4bde2-attachment.png]]</system-out>
		</testcase>
		<testcase name="Запись нового &quot;справочника ВидыСчетчиков&quot;" classname="Дымовые тесты" time="9.055">
			<error>Не удалось установить значение в поле "Наименование" Справочник.ВидыСчетчиков.ФормаОбъекта

{ВнешняяОбработка.Условие.Форма.Форма.Форма(263)}:

Технические данные:
        ЗаголовокАктивногоОкна: Виды счетчиков (ЖКХ) (создание)
        ИмяАктивнойФормы: Справочник.ВидыСчетчиков.ФормаОбъекта
        ИмяФичи: Дымовые тесты
        ИмяСценария: Запись нового "справочника ВидыСчетчиков"
        НомерСтрокиДерева: 504
        НомерСтрокиФичи: 644
        ПолныйПутьКФиче: E:\vanessa\corp\features\beforeRelease_AllTests\0001. Справочники.ЗаписьНового.feature
        ИмяФайла: e:\vanessa\vanessa-automation\features\Libraries\Условие\step_definitions\Условие.epf
        ИмяПроцедуры: ЯВызываюИсключение
        ИмяРаннера: ts1scont
        ТипПлатформы: Windows x86
        ТипКлиентаТестирования: Тонкий
        СтрокаСоединения: File="e:\vanessa\corp\features\tools\ServiceBases\Bases\v83CORP";
        PIDКлиентаТестирования: 1420
        ВерсияVA: ver 1.2.038.1
        ВерсияПлатформы: 8.3.19.1229
        РежимСовместимостиTestManager: Версия8_3_18
        ДатаВремяОшибки: 27.08.2022 22:35:33
</error>
			<system-out>[[ATTACHMENT|/tools/ServiceBases/ScreenShots/2c2bfb41-ec07-4d48-8341-347639f13bca-attachment.png]]</system-out>
		</testcase>
		<testcase name="Запись нового &quot;справочника ВнешниеОбработки&quot;" classname="Дымовые тесты" time="9.023">
			<error>Не удалось установить значение в поле "Наименование" Справочник.ВнешниеОбработки.ФормаОбъекта

{ВнешняяОбработка.Условие.Форма.Форма.Форма(263)}:

Технические данные:
        ЗаголовокАктивногоОкна: Внешние обработки (создание)
        ИмяАктивнойФормы: Справочник.ВнешниеОбработки.ФормаОбъекта
        ИмяФичи: Дымовые тесты
        ИмяСценария: Запись нового "справочника ВнешниеОбработки"
        НомерСтрокиДерева: 526
        НомерСтрокиФичи: 672
        ПолныйПутьКФиче: E:\vanessa\corp\features\beforeRelease_AllTests\0001. Справочники.ЗаписьНового.feature
        ИмяФайла: e:\vanessa\vanessa-automation\features\Libraries\Условие\step_definitions\Условие.epf
        ИмяПроцедуры: ЯВызываюИсключение
        ИмяРаннера: ts1scont
        ТипПлатформы: Windows x86
        ТипКлиентаТестирования: Тонкий
        СтрокаСоединения: File="e:\vanessa\corp\features\tools\ServiceBases\Bases\v83CORP";
        PIDКлиентаТестирования: 1420
        ВерсияVA: ver 1.2.038.1
        ВерсияПлатформы: 8.3.19.1229
        РежимСовместимостиTestManager: Версия8_3_18
        ДатаВремяОшибки: 27.08.2022 22:35:46
</error>
			<system-out>[[ATTACHMENT|/tools/ServiceBases/ScreenShots/94aa31f1-fd39-468c-863c-4d1971452050-attachment.png]]</system-out>
		</testcase>
		<testcase name="Запись нового &quot;справочника Год&quot;" classname="Дымовые тесты" time="8.834">
			<error>Не удалось установить значение в поле "Наименование" Справочник.Год.ФормаОбъекта

{ВнешняяОбработка.Условие.Форма.Форма.Форма(263)}:

Технические данные:
        ЗаголовокАктивногоОкна: Год (создание)
        ИмяАктивнойФормы: Справочник.Год.ФормаОбъекта
        ИмяФичи: Дымовые тесты
        ИмяСценария: Запись нового "справочника Год"
        НомерСтрокиДерева: 548
        НомерСтрокиФичи: 700
        ПолныйПутьКФиче: E:\vanessa\corp\features\beforeRelease_AllTests\0001. Справочники.ЗаписьНового.feature
        ИмяФайла: e:\vanessa\vanessa-automation\features\Libraries\Условие\step_definitions\Условие.epf
        ИмяПроцедуры: ЯВызываюИсключение
        ИмяРаннера: ts1scont
        ТипПлатформы: Windows x86
        ТипКлиентаТестирования: Тонкий
        СтрокаСоединения: File="e:\vanessa\corp\features\tools\ServiceBases\Bases\v83CORP";
        PIDКлиентаТестирования: 1420
        ВерсияVA: ver 1.2.038.1
        ВерсияПлатформы: 8.3.19.1229
        РежимСовместимостиTestManager: Версия8_3_18
        ДатаВремяОшибки: 27.08.2022 22:35:59
</error>
			<system-out>[[ATTACHMENT|/tools/ServiceBases/ScreenShots/1611d4f7-97d2-4e9e-809d-63b768ba041c-attachment.png]]</system-out>
		</testcase>
		<testcase name="Запись нового &quot;справочника ГрафикиРаботы&quot;" classname="Дымовые тесты" time="3.74"/>
		<testcase name="Запись нового &quot;справочника ГруппыПользователей&quot;" classname="Дымовые тесты" time="9.132">
			<error>Не удалось установить значение в поле "Наименование" Справочник.ГруппыПользователей.ФормаОбъекта

{ВнешняяОбработка.Условие.Форма.Форма.Форма(263)}:

Технические данные:
        ЗаголовокАктивногоОкна: Группы пользователей (создание)
        ИмяАктивнойФормы: Справочник.ГруппыПользователей.ФормаОбъекта
        ИмяФичи: Дымовые тесты
        ИмяСценария: Запись нового "справочника ГруппыПользователей"
        НомерСтрокиДерева: 592
        НомерСтрокиФичи: 756
        ПолныйПутьКФиче: E:\vanessa\corp\features\beforeRelease_AllTests\0001. Справочники.ЗаписьНового.feature
        ИмяФайла: e:\vanessa\vanessa-automation\features\Libraries\Условие\step_definitions\Условие.epf
        ИмяПроцедуры: ЯВызываюИсключение
        ИмяРаннера: ts1scont
        ТипПлатформы: Windows x86
        ТипКлиентаТестирования: Тонкий
        СтрокаСоединения: File="e:\vanessa\corp\features\tools\ServiceBases\Bases\v83CORP";
        PIDКлиентаТестирования: 1420
        ВерсияVA: ver 1.2.038.1
        ВерсияПлатформы: 8.3.19.1229
        РежимСовместимостиTestManager: Версия8_3_18
        ДатаВремяОшибки: 27.08.2022 22:36:17
</error>
			<system-out>[[ATTACHMENT|/tools/ServiceBases/ScreenShots/edea1ac6-b56d-464e-a3ee-56e17f0da0b5-attachment.png]]</system-out>
		</testcase>
		<testcase name="Запись нового &quot;справочника ДенежныеСредства&quot;" classname="Дымовые тесты" time="9.111">
			<error>Не удалось установить значение в поле "Наименование" Справочник.ДенежныеСредства.ФормаОбъекта

{ВнешняяОбработка.Условие.Форма.Форма.Форма(263)}:

Технические данные:
        ЗаголовокАктивногоОкна: Денежные средства (создание)
        ИмяАктивнойФормы: Справочник.ДенежныеСредства.ФормаОбъекта
        ИмяФичи: Дымовые тесты
        ИмяСценария: Запись нового "справочника ДенежныеСредства"
        НомерСтрокиДерева: 614
        НомерСтрокиФичи: 784
        ПолныйПутьКФиче: E:\vanessa\corp\features\beforeRelease_AllTests\0001. Справочники.ЗаписьНового.feature
        ИмяФайла: e:\vanessa\vanessa-automation\features\Libraries\Условие\step_definitions\Условие.epf
        ИмяПроцедуры: ЯВызываюИсключение
        ИмяРаннера: ts1scont
        ТипПлатформы: Windows x86
        ТипКлиентаТестирования: Тонкий
        СтрокаСоединения: File="e:\vanessa\corp\features\tools\ServiceBases\Bases\v83CORP";
        PIDКлиентаТестирования: 1420
        ВерсияVA: ver 1.2.038.1
        ВерсияПлатформы: 8.3.19.1229
        РежимСовместимостиTestManager: Версия8_3_18
        ДатаВремяОшибки: 27.08.2022 22:36:30
</error>
			<system-out>[[ATTACHMENT|/tools/ServiceBases/ScreenShots/f3e704a8-c248-45eb-aa8c-7476b86d266a-attachment.png]]</system-out>
		</testcase>
		<testcase name="Запись нового &quot;справочника ДисконтныеКарты&quot;" classname="Дымовые тесты" time="8.964">
			<error>Не удалось установить значение в поле "Наименование" Справочник.ДисконтныеКарты.ФормаОбъекта

{ВнешняяОбработка.Условие.Форма.Форма.Форма(263)}:

Технические данные:
        ЗаголовокАктивногоОкна: Дисконтные карты (создание)
        ИмяАктивнойФормы: Справочник.ДисконтныеКарты.ФормаОбъекта
        ИмяФичи: Дымовые тесты
        ИмяСценария: Запись нового "справочника ДисконтныеКарты"
        НомерСтрокиДерева: 636
        НомерСтрокиФичи: 812
        ПолныйПутьКФиче: E:\vanessa\corp\features\beforeRelease_AllTests\0001. Справочники.ЗаписьНового.feature
        ИмяФайла: e:\vanessa\vanessa-automation\features\Libraries\Условие\step_definitions\Условие.epf
        ИмяПроцедуры: ЯВызываюИсключение
        ИмяРаннера: ts1scont
        ТипПлатформы: Windows x86
        ТипКлиентаТестирования: Тонкий
        СтрокаСоединения: File="e:\vanessa\corp\features\tools\ServiceBases\Bases\v83CORP";
        PIDКлиентаТестирования: 1420
        ВерсияVA: ver 1.2.038.1
        ВерсияПлатформы: 8.3.19.1229
        РежимСовместимостиTestManager: Версия8_3_18
        ДатаВремяОшибки: 27.08.2022 22:36:43
</error>
			<system-out>[[ATTACHMENT|/tools/ServiceBases/ScreenShots/17a29aca-5b88-4d36-afc5-d357584c3e0a-attachment.png]]</system-out>
		</testcase>
		<testcase name="Запись нового &quot;справочника Должности&quot;" classname="Дымовые тесты" time="9.036">
			<error>Не удалось установить значение в поле "Наименование" Справочник.Должности.ФормаОбъекта

{ВнешняяОбработка.Условие.Форма.Форма.Форма(263)}:

Технические данные:
        ЗаголовокАктивногоОкна: Должности (создание)
        ИмяАктивнойФормы: Справочник.Должности.ФормаОбъекта
        ИмяФичи: Дымовые тесты
        ИмяСценария: Запись нового "справочника Должности"
        НомерСтрокиДерева: 658
        НомерСтрокиФичи: 840
        ПолныйПутьКФиче: E:\vanessa\corp\features\beforeRelease_AllTests\0001. Справочники.ЗаписьНового.feature
        ИмяФайла: e:\vanessa\vanessa-automation\features\Libraries\Условие\step_definitions\Условие.epf
        ИмяПроцедуры: ЯВызываюИсключение
        ИмяРаннера: ts1scont
        ТипПлатформы: Windows x86
        ТипКлиентаТестирования: Тонкий
        СтрокаСоединения: File="e:\vanessa\corp\features\tools\ServiceBases\Bases\v83CORP";
        PIDКлиентаТестирования: 1420
        ВерсияVA: ver 1.2.038.1
        ВерсияПлатформы: 8.3.19.1229
        РежимСовместимостиTestManager: Версия8_3_18
        ДатаВремяОшибки: 27.08.2022 22:36:56
</error>
			<system-out>[[ATTACHMENT|/tools/ServiceBases/ScreenShots/22f135bf-a097-4576-b11f-b6fa773dc0b8-attachment.png]]</system-out>
		</testcase>
		<testcase name="Запись нового &quot;справочника ДоходыБудущихПериодов&quot;" classname="Дымовые тесты" time="8.689">
			<error>Не удалось установить значение в поле "Наименование" Справочник.ДоходыБудущихПериодов.ФормаОбъекта

{ВнешняяОбработка.Условие.Форма.Форма.Форма(263)}:

Технические данные:
        ЗаголовокАктивногоОкна: Доходы будущих периодов (создание)
        ИмяАктивнойФормы: Справочник.ДоходыБудущихПериодов.ФормаОбъекта
        ИмяФичи: Дымовые тесты
        ИмяСценария: Запись нового "справочника ДоходыБудущихПериодов"
        НомерСтрокиДерева: 680
        НомерСтрокиФичи: 868
        ПолныйПутьКФиче: E:\vanessa\corp\features\beforeRelease_AllTests\0001. Справочники.ЗаписьНового.feature
        ИмяФайла: e:\vanessa\vanessa-automation\features\Libraries\Условие\step_definitions\Условие.epf
        ИмяПроцедуры: ЯВызываюИсключение
        ИмяРаннера: ts1scont
        ТипПлатформы: Windows x86
        ТипКлиентаТестирования: Тонкий
        СтрокаСоединения: File="e:\vanessa\corp\features\tools\ServiceBases\Bases\v83CORP";
        PIDКлиентаТестирования: 1420
        ВерсияVA: ver 1.2.038.1
        ВерсияПлатформы: 8.3.19.1229
        РежимСовместимостиTestManager: Версия8_3_18
        ДатаВремяОшибки: 27.08.2022 22:37:09
</error>
			<system-out>[[ATTACHMENT|/tools/ServiceBases/ScreenShots/724c25c7-92f0-4d78-8202-499ec9057949-attachment.png]]</system-out>
		</testcase>
		<testcase name="Запись нового &quot;справочника Драгметаллы&quot;" classname="Дымовые тесты" time="9.016">
			<error>Не удалось установить значение в поле "Наименование" Справочник.Драгметаллы.ФормаОбъекта

{ВнешняяОбработка.Условие.Форма.Форма.Форма(263)}:

Технические данные:
        ЗаголовокАктивногоОкна: Драгоценные металлы (создание)
        ИмяАктивнойФормы: Справочник.Драгметаллы.ФормаОбъекта
        ИмяФичи: Дымовые тесты
        ИмяСценария: Запись нового "справочника Драгметаллы"
        НомерСтрокиДерева: 702
        НомерСтрокиФичи: 896
        ПолныйПутьКФиче: E:\vanessa\corp\features\beforeRelease_AllTests\0001. Справочники.ЗаписьНового.feature
        ИмяФайла: e:\vanessa\vanessa-automation\features\Libraries\Условие\step_definitions\Условие.epf
        ИмяПроцедуры: ЯВызываюИсключение
        ИмяРаннера: ts1scont
        ТипПлатформы: Windows x86
        ТипКлиентаТестирования: Тонкий
        СтрокаСоединения: File="e:\vanessa\corp\features\tools\ServiceBases\Bases\v83CORP";
        PIDКлиентаТестирования: 1420
        ВерсияVA: ver 1.2.038.1
        ВерсияПлатформы: 8.3.19.1229
        РежимСовместимостиTestManager: Версия8_3_18
        ДатаВремяОшибки: 27.08.2022 22:37:22
</error>
			<system-out>[[ATTACHMENT|/tools/ServiceBases/ScreenShots/a5b99c1e-767c-4d4e-9b2a-b9af0edad574-attachment.png]]</system-out>
		</testcase>
		<testcase name="Запись нового &quot;справочника ЖВ_Комиссии&quot;" classname="Дымовые тесты" time="8.981">
			<error>Не удалось установить значение в поле "Наименование" Справочник.ЖВ_Комиссии.ФормаОбъекта

{ВнешняяОбработка.Условие.Форма.Форма.Форма(263)}:

Технические данные:
        ЗаголовокАктивногоОкна: Комиссии (создание)
        ИмяАктивнойФормы: Справочник.ЖВ_Комиссии.ФормаОбъекта
        ИмяФичи: Дымовые тесты
        ИмяСценария: Запись нового "справочника ЖВ_Комиссии"
        НомерСтрокиДерева: 724
        НомерСтрокиФичи: 924
        ПолныйПутьКФиче: E:\vanessa\corp\features\beforeRelease_AllTests\0001. Справочники.ЗаписьНового.feature
        ИмяФайла: e:\vanessa\vanessa-automation\features\Libraries\Условие\step_definitions\Условие.epf
        ИмяПроцедуры: ЯВызываюИсключение
        ИмяРаннера: ts1scont
        ТипПлатформы: Windows x86
        ТипКлиентаТестирования: Тонкий
        СтрокаСоединения: File="e:\vanessa\corp\features\tools\ServiceBases\Bases\v83CORP";
        PIDКлиентаТестирования: 1420
        ВерсияVA: ver 1.2.038.1
        ВерсияПлатформы: 8.3.19.1229
        РежимСовместимостиTestManager: Версия8_3_18
        ДатаВремяОшибки: 27.08.2022 22:37:35
</error>
			<system-out>[[ATTACHMENT|/tools/ServiceBases/ScreenShots/f7ef7fa6-63ff-42cb-bc58-da53a1215116-attachment.png]]</system-out>
		</testcase>
		<testcase name="Запись нового &quot;справочника ЖурналыДокументов&quot;" classname="Дымовые тесты" time="8.975">
			<error>Не удалось установить значение в поле "Наименование" Справочник.ЖурналыДокументов.ФормаОбъекта

{ВнешняяОбработка.Условие.Форма.Форма.Форма(263)}:

Технические данные:
        ЗаголовокАктивногоОкна: Журналы документов (создание)
        ИмяАктивнойФормы: Справочник.ЖурналыДокументов.ФормаОбъекта
        ИмяФичи: Дымовые тесты
        ИмяСценария: Запись нового "справочника ЖурналыДокументов"
        НомерСтрокиДерева: 746
        НомерСтрокиФичи: 952
        ПолныйПутьКФиче: E:\vanessa\corp\features\beforeRelease_AllTests\0001. Справочники.ЗаписьНового.feature
        ИмяФайла: e:\vanessa\vanessa-automation\features\Libraries\Условие\step_definitions\Условие.epf
        ИмяПроцедуры: ЯВызываюИсключение
        ИмяРаннера: ts1scont
        ТипПлатформы: Windows x86
        ТипКлиентаТестирования: Тонкий
        СтрокаСоединения: File="e:\vanessa\corp\features\tools\ServiceBases\Bases\v83CORP";
        PIDКлиентаТестирования: 1420
        ВерсияVA: ver 1.2.038.1
        ВерсияПлатформы: 8.3.19.1229
        РежимСовместимостиTestManager: Версия8_3_18
        ДатаВремяОшибки: 27.08.2022 22:37:48
</error>
			<system-out>[[ATTACHMENT|/tools/ServiceBases/ScreenShots/b43feb3b-4ea7-486a-aa4c-83e356edb1df-attachment.png]]</system-out>
		</testcase>
		<testcase name="Запись нового &quot;справочника ЗакрытиеОтрицательныхОстатков&quot;" classname="Дымовые тесты" time="10.085">
			<error>Не удалось установить значение в поле "Наименование" Справочник.ЗакрытиеОтрицательныхОстатков.ФормаОбъекта

{ВнешняяОбработка.Условие.Форма.Форма.Форма(263)}:

Технические данные:
        ЗаголовокАктивногоОкна: Закрытие отрицательных остатков (создание)
        ИмяАктивнойФормы: Справочник.ЗакрытиеОтрицательныхОстатков.ФормаОбъекта
        ИмяФичи: Дымовые тесты
        ИмяСценария: Запись нового "справочника ЗакрытиеОтрицательныхОстатков"
        НомерСтрокиДерева: 768
        НомерСтрокиФичи: 980
        ПолныйПутьКФиче: E:\vanessa\corp\features\beforeRelease_AllTests\0001. Справочники.ЗаписьНового.feature
        ИмяФайла: e:\vanessa\vanessa-automation\features\Libraries\Условие\step_definitions\Условие.epf
        ИмяПроцедуры: ЯВызываюИсключение
        ИмяРаннера: ts1scont
        ТипПлатформы: Windows x86
        ТипКлиентаТестирования: Тонкий
        СтрокаСоединения: File="e:\vanessa\corp\features\tools\ServiceBases\Bases\v83CORP";
        PIDКлиентаТестирования: 1420
        ВерсияVA: ver 1.2.038.1
        ВерсияПлатформы: 8.3.19.1229
        РежимСовместимостиTestManager: Версия8_3_18
        ДатаВремяОшибки: 27.08.2022 22:38:02
</error>
			<system-out>[[ATTACHMENT|/tools/ServiceBases/ScreenShots/3c50cf6a-c5d2-4d34-aeb2-d7a73ba9657f-attachment.png]]</system-out>
		</testcase>
		<testcase name="Запись нового &quot;справочника Залы&quot;" classname="Дымовые тесты" time="9.022">
			<error>Не удалось установить значение в поле "Наименование" Справочник.Залы.ФормаОбъекта

{ВнешняяОбработка.Условие.Форма.Форма.Форма(263)}:

Технические данные:
        ЗаголовокАктивногоОкна: Залы (создание)
        ИмяАктивнойФормы: Справочник.Залы.ФормаОбъекта
        ИмяФичи: Дымовые тесты
        ИмяСценария: Запись нового "справочника Залы"
        НомерСтрокиДерева: 790
        НомерСтрокиФичи: 1 008
        ПолныйПутьКФиче: E:\vanessa\corp\features\beforeRelease_AllTests\0001. Справочники.ЗаписьНового.feature
        ИмяФайла: e:\vanessa\vanessa-automation\features\Libraries\Условие\step_definitions\Условие.epf
        ИмяПроцедуры: ЯВызываюИсключение
        ИмяРаннера: ts1scont
        ТипПлатформы: Windows x86
        ТипКлиентаТестирования: Тонкий
        СтрокаСоединения: File="e:\vanessa\corp\features\tools\ServiceBases\Bases\v83CORP";
        PIDКлиентаТестирования: 1420
        ВерсияVA: ver 1.2.038.1
        ВерсияПлатформы: 8.3.19.1229
        РежимСовместимостиTestManager: Версия8_3_18
        ДатаВремяОшибки: 27.08.2022 22:38:15
</error>
			<system-out>[[ATTACHMENT|/tools/ServiceBases/ScreenShots/59a9f299-ab95-4910-bbc2-d374036ad5d6-attachment.png]]</system-out>
		</testcase>
		<testcase name="Запись нового &quot;справочника Затраты&quot;" classname="Дымовые тесты" time="3.832"/>
		<testcase name="Запись нового &quot;справочника ЗемельныеУчастки&quot;" classname="Дымовые тесты" time="8.954">
			<error>Не удалось установить значение в поле "Наименование" Справочник.ЗемельныеУчастки.ФормаОбъекта

{ВнешняяОбработка.Условие.Форма.Форма.Форма(263)}:

Технические данные:
        ЗаголовокАктивногоОкна: Земельные участки (создание)
        ИмяАктивнойФормы: Справочник.ЗемельныеУчастки.ФормаОбъекта
        ИмяФичи: Дымовые тесты
        ИмяСценария: Запись нового "справочника ЗемельныеУчастки"
        НомерСтрокиДерева: 834
        НомерСтрокиФичи: 1 064
        ПолныйПутьКФиче: E:\vanessa\corp\features\beforeRelease_AllTests\0001. Справочники.ЗаписьНового.feature
        ИмяФайла: e:\vanessa\vanessa-automation\features\Libraries\Условие\step_definitions\Условие.epf
        ИмяПроцедуры: ЯВызываюИсключение
        ИмяРаннера: ts1scont
        ТипПлатформы: Windows x86
        ТипКлиентаТестирования: Тонкий
        СтрокаСоединения: File="e:\vanessa\corp\features\tools\ServiceBases\Bases\v83CORP";
        PIDКлиентаТестирования: 1420
        ВерсияVA: ver 1.2.038.1
        ВерсияПлатформы: 8.3.19.1229
        РежимСовместимостиTestManager: Версия8_3_18
        ДатаВремяОшибки: 27.08.2022 22:38:33
</error>
			<system-out>[[ATTACHMENT|/tools/ServiceBases/ScreenShots/a3611079-44a6-46cd-b721-6fd994d8414d-attachment.png]]</system-out>
		</testcase>
		<testcase name="Запись нового &quot;справочника Изготовители&quot;" classname="Дымовые тесты" time="9.018">
			<error>Не удалось установить значение в поле "Наименование" Справочник.Изготовители.ФормаОбъекта

{ВнешняяОбработка.Условие.Форма.Форма.Форма(263)}:

Технические данные:
        ЗаголовокАктивногоОкна: Изготовители (создание)
        ИмяАктивнойФормы: Справочник.Изготовители.ФормаОбъекта
        ИмяФичи: Дымовые тесты
        ИмяСценария: Запись нового "справочника Изготовители"
        НомерСтрокиДерева: 856
        НомерСтрокиФичи: 1 092
        ПолныйПутьКФиче: E:\vanessa\corp\features\beforeRelease_AllTests\0001. Справочники.ЗаписьНового.feature
        ИмяФайла: e:\vanessa\vanessa-automation\features\Libraries\Условие\step_definitions\Условие.epf
        ИмяПроцедуры: ЯВызываюИсключение
        ИмяРаннера: ts1scont
        ТипПлатформы: Windows x86
        ТипКлиентаТестирования: Тонкий
        СтрокаСоединения: File="e:\vanessa\corp\features\tools\ServiceBases\Bases\v83CORP";
        PIDКлиентаТестирования: 1420
        ВерсияVA: ver 1.2.038.1
        ВерсияПлатформы: 8.3.19.1229
        РежимСовместимостиTestManager: Версия8_3_18
        ДатаВремяОшибки: 27.08.2022 22:38:46
</error>
			<system-out>[[ATTACHMENT|/tools/ServiceBases/ScreenShots/b2db74ba-cc61-46a6-a926-5f3eccc3b647-attachment.png]]</system-out>
		</testcase>
		<testcase name="Запись нового &quot;справочника Импорт&quot;" classname="Дымовые тесты" time="3.828"/>
		<testcase name="Запись нового &quot;справочника Календари&quot;" classname="Дымовые тесты" time="9.046">
			<error>Не удалось установить значение в поле "Наименование" Справочник.Календари.ФормаОбъекта

{ВнешняяОбработка.Условие.Форма.Форма.Форма(263)}:

Технические данные:
        ЗаголовокАктивногоОкна: Календари (создание)
        ИмяАктивнойФормы: Справочник.Календари.ФормаОбъекта
        ИмяФичи: Дымовые тесты
        ИмяСценария: Запись нового "справочника Календари"
        НомерСтрокиДерева: 900
        НомерСтрокиФичи: 1 148
        ПолныйПутьКФиче: E:\vanessa\corp\features\beforeRelease_AllTests\0001. Справочники.ЗаписьНового.feature
        ИмяФайла: e:\vanessa\vanessa-automation\features\Libraries\Условие\step_definitions\Условие.epf
        ИмяПроцедуры: ЯВызываюИсключение
        ИмяРаннера: ts1scont
        ТипПлатформы: Windows x86
        ТипКлиентаТестирования: Тонкий
        СтрокаСоединения: File="e:\vanessa\corp\features\tools\ServiceBases\Bases\v83CORP";
        PIDКлиентаТестирования: 1420
        ВерсияVA: ver 1.2.038.1
        ВерсияПлатформы: 8.3.19.1229
        РежимСовместимостиTestManager: Версия8_3_18
        ДатаВремяОшибки: 27.08.2022 22:39:04
</error>
			<system-out>[[ATTACHMENT|/tools/ServiceBases/ScreenShots/4da542e1-ed5d-4324-a0d1-cbd6cf460bd4-attachment.png]]</system-out>
		</testcase>
		<testcase name="Запись нового &quot;справочника КатегорииДолжностей&quot;" classname="Дымовые тесты" time="9.015">
			<error>Не удалось установить значение в поле "Наименование" Справочник.КатегорииДолжностей.ФормаОбъекта

{ВнешняяОбработка.Условие.Форма.Форма.Форма(263)}:

Технические данные:
        ЗаголовокАктивногоОкна: Категории должностей (создание)
        ИмяАктивнойФормы: Справочник.КатегорииДолжностей.ФормаОбъекта
        ИмяФичи: Дымовые тесты
        ИмяСценария: Запись нового "справочника КатегорииДолжностей"
        НомерСтрокиДерева: 922
        НомерСтрокиФичи: 1 176
        ПолныйПутьКФиче: E:\vanessa\corp\features\beforeRelease_AllTests\0001. Справочники.ЗаписьНового.feature
        ИмяФайла: e:\vanessa\vanessa-automation\features\Libraries\Условие\step_definitions\Условие.epf
        ИмяПроцедуры: ЯВызываюИсключение
        ИмяРаннера: ts1scont
        ТипПлатформы: Windows x86
        ТипКлиентаТестирования: Тонкий
        СтрокаСоединения: File="e:\vanessa\corp\features\tools\ServiceBases\Bases\v83CORP";
        PIDКлиентаТестирования: 1420
        ВерсияVA: ver 1.2.038.1
        ВерсияПлатформы: 8.3.19.1229
        РежимСовместимостиTestManager: Версия8_3_18
        ДатаВремяОшибки: 27.08.2022 22:39:17
</error>
			<system-out>[[ATTACHMENT|/tools/ServiceBases/ScreenShots/50c660b4-b169-4b72-a202-98705b55ebd6-attachment.png]]</system-out>
		</testcase>
		<testcase name="Запись нового &quot;справочника КатегорииЗатрат&quot;" classname="Дымовые тесты" time="8.92">
			<error>Не удалось установить значение в поле "Наименование" Справочник.КатегорииЗатрат.ФормаОбъекта

{ВнешняяОбработка.Условие.Форма.Форма.Форма(263)}:

Технические данные:
        ЗаголовокАктивногоОкна: Категории затрат (создание)
        ИмяАктивнойФормы: Справочник.КатегорииЗатрат.ФормаОбъекта
        ИмяФичи: Дымовые тесты
        ИмяСценария: Запись нового "справочника КатегорииЗатрат"
        НомерСтрокиДерева: 944
        НомерСтрокиФичи: 1 204
        ПолныйПутьКФиче: E:\vanessa\corp\features\beforeRelease_AllTests\0001. Справочники.ЗаписьНового.feature
        ИмяФайла: e:\vanessa\vanessa-automation\features\Libraries\Условие\step_definitions\Условие.epf
        ИмяПроцедуры: ЯВызываюИсключение
        ИмяРаннера: ts1scont
        ТипПлатформы: Windows x86
        ТипКлиентаТестирования: Тонкий
        СтрокаСоединения: File="e:\vanessa\corp\features\tools\ServiceBases\Bases\v83CORP";
        PIDКлиентаТестирования: 1420
        ВерсияVA: ver 1.2.038.1
        ВерсияПлатформы: 8.3.19.1229
        РежимСовместимостиTestManager: Версия8_3_18
        ДатаВремяОшибки: 27.08.2022 22:39:30
</error>
			<system-out>[[ATTACHMENT|/tools/ServiceBases/ScreenShots/865657be-ae75-4a90-a5d1-f1575648d0ea-attachment.png]]</system-out>
		</testcase>
		<testcase name="Запись нового &quot;справочника КатегорииСотрудников&quot;" classname="Дымовые тесты" time="10.007">
			<error>Не удалось установить значение в поле "Наименование" Справочник.КатегорииСотрудников.ФормаОбъекта

{ВнешняяОбработка.Условие.Форма.Форма.Форма(263)}:

Технические данные:
        ЗаголовокАктивногоОкна: Категории сотрудников (создание)
        ИмяАктивнойФормы: Справочник.КатегорииСотрудников.ФормаОбъекта
        ИмяФичи: Дымовые тесты
        ИмяСценария: Запись нового "справочника КатегорииСотрудников"
        НомерСтрокиДерева: 966
        НомерСтрокиФичи: 1 232
        ПолныйПутьКФиче: E:\vanessa\corp\features\beforeRelease_AllTests\0001. Справочники.ЗаписьНового.feature
        ИмяФайла: e:\vanessa\vanessa-automation\features\Libraries\Условие\step_definitions\Условие.epf
        ИмяПроцедуры: ЯВызываюИсключение
        ИмяРаннера: ts1scont
        ТипПлатформы: Windows x86
        ТипКлиентаТестирования: Тонкий
        СтрокаСоединения: File="e:\vanessa\corp\features\tools\ServiceBases\Bases\v83CORP";
        PIDКлиентаТестирования: 1420
        ВерсияVA: ver 1.2.038.1
        ВерсияПлатформы: 8.3.19.1229
        РежимСовместимостиTestManager: Версия8_3_18
        ДатаВремяОшибки: 27.08.2022 22:39:44
</error>
			<system-out>[[ATTACHMENT|/tools/ServiceBases/ScreenShots/5a1130f7-1e0f-4895-a16e-84dba831c00b-attachment.png]]</system-out>
		</testcase>
		<testcase name="Запись нового &quot;справочника КатегорииСтрахования&quot;" classname="Дымовые тесты" time="5.874">
			<error>Не удалось открыть форму справочника КатегорииСтрахования

{ВнешняяОбработка.Условие.Форма.Форма.Форма(263)}:

Технические данные:
        ЗаголовокАктивногоОкна: 1С:Предприятие
        ИмяАктивнойФормы: ErrorWindow
        ИмяФичи: Дымовые тесты
        ИмяСценария: Запись нового "справочника КатегорииСтрахования"
        НомерСтрокиДерева: 977
        НомерСтрокиФичи: 1 247
        ПолныйПутьКФиче: E:\vanessa\corp\features\beforeRelease_AllTests\0001. Справочники.ЗаписьНового.feature
        ИмяФайла: e:\vanessa\vanessa-automation\features\Libraries\Условие\step_definitions\Условие.epf
        ИмяПроцедуры: ЯВызываюИсключение
        ИмяРаннера: ts1scont
        ТипПлатформы: Windows x86
        ТипКлиентаТестирования: Тонкий
        СтрокаСоединения: File="e:\vanessa\corp\features\tools\ServiceBases\Bases\v83CORP";
        PIDКлиентаТестирования: 1420
        ВерсияVA: ver 1.2.038.1
        ВерсияПлатформы: 8.3.19.1229
        РежимСовместимостиTestManager: Версия8_3_18
        ДатаВремяОшибки: 27.08.2022 22:39:54
Текст модального окна:
    К сожалению, возникла непредвиденная ошибка  Попробуйте повторить операцию. Если ошибка повторится, попробуйте перезапустить приложение или обратитесь к администратору приложения или техническому специалисту.
</error>
			<system-out>[[ATTACHMENT|/tools/ServiceBases/ScreenShots/44e62866-b164-4ac6-b1ba-c04524036384-attachment.png]]</system-out>
		</testcase>
		<testcase name="Запись нового &quot;справочника КАТЕМ&quot;" classname="Дымовые тесты" time="3.433"/>
		<testcase name="Запись нового &quot;справочника КачестваЗемли&quot;" classname="Дымовые тесты" time="9.098">
			<error>Не удалось установить значение в поле "Наименование" Справочник.КачестваЗемли.ФормаОбъекта

{ВнешняяОбработка.Условие.Форма.Форма.Форма(263)}:

Технические данные:
        ЗаголовокАктивногоОкна: Качества земли (создание)
        ИмяАктивнойФормы: Справочник.КачестваЗемли.ФормаОбъекта
        ИмяФичи: Дымовые тесты
        ИмяСценария: Запись нового "справочника КачестваЗемли"
        НомерСтрокиДерева: 1 032
        НомерСтрокиФичи: 1 316
        ПолныйПутьКФиче: E:\vanessa\corp\features\beforeRelease_AllTests\0001. Справочники.ЗаписьНового.feature
        ИмяФайла: e:\vanessa\vanessa-automation\features\Libraries\Условие\step_definitions\Условие.epf
        ИмяПроцедуры: ЯВызываюИсключение
        ИмяРаннера: ts1scont
        ТипПлатформы: Windows x86
        ТипКлиентаТестирования: Тонкий
        СтрокаСоединения: File="e:\vanessa\corp\features\tools\ServiceBases\Bases\v83CORP";
        PIDКлиентаТестирования: 1420
        ВерсияVA: ver 1.2.038.1
        ВерсияПлатформы: 8.3.19.1229
        РежимСовместимостиTestManager: Версия8_3_18
        ДатаВремяОшибки: 27.08.2022 22:40:14
</error>
			<system-out>[[ATTACHMENT|/tools/ServiceBases/ScreenShots/d765c73e-fc99-4bdc-b3a6-5f26b1b111f8-attachment.png]]</system-out>
		</testcase>
		<testcase name="Запись нового &quot;справочника КлассификаторДолжностей&quot;" classname="Дымовые тесты" time="9.994">
			<error>Не удалось установить значение в поле "Наименование" Справочник.КлассификаторДолжностей.ФормаОбъекта

{ВнешняяОбработка.Условие.Форма.Форма.Форма(263)}:

Технические данные:
        ЗаголовокАктивногоОкна: Классификатор должностей (создание)
        ИмяАктивнойФормы: Справочник.КлассификаторДолжностей.ФормаОбъекта
        ИмяФичи: Дымовые тесты
        ИмяСценария: Запись нового "справочника КлассификаторДолжностей"
        НомерСтрокиДерева: 1 054
        НомерСтрокиФичи: 1 344
        ПолныйПутьКФиче: E:\vanessa\corp\features\beforeRelease_AllTests\0001. Справочники.ЗаписьНового.feature
        ИмяФайла: e:\vanessa\vanessa-automation\features\Libraries\Условие\step_definitions\Условие.epf
        ИмяПроцедуры: ЯВызываюИсключение
        ИмяРаннера: ts1scont
        ТипПлатформы: Windows x86
        ТипКлиентаТестирования: Тонкий
        СтрокаСоединения: File="e:\vanessa\corp\features\tools\ServiceBases\Bases\v83CORP";
        PIDКлиентаТестирования: 1420
        ВерсияVA: ver 1.2.038.1
        ВерсияПлатформы: 8.3.19.1229
        РежимСовместимостиTestManager: Версия8_3_18
        ДатаВремяОшибки: 27.08.2022 22:40:28
</error>
			<system-out>[[ATTACHMENT|/tools/ServiceBases/ScreenShots/89b2beb1-6474-4d61-b919-bff605fefec3-attachment.png]]</system-out>
		</testcase>
		<testcase name="Запись нового &quot;справочника КлассификаторЕдиницИзмерения&quot;" classname="Дымовые тесты" time="11.869">
			<error>Не удалось установить значение в поле "Наименование" Справочник.КлассификаторЕдиницИзмерения.Форма.ФормаЭлементаУФ

{ВнешняяОбработка.Условие.Форма.Форма.Форма(263)}:

Технические данные:
        ЗаголовокАктивногоОкна: Классификатор единиц измерения (создание)
        ИмяАктивнойФормы: Справочник.КлассификаторЕдиницИзмерения.Форма.ФормаЭлементаУФ
        ИмяФичи: Дымовые тесты
        ИмяСценария: Запись нового "справочника КлассификаторЕдиницИзмерения"
        НомерСтрокиДерева: 1 076
        НомерСтрокиФичи: 1 372
        ПолныйПутьКФиче: E:\vanessa\corp\features\beforeRelease_AllTests\0001. Справочники.ЗаписьНового.feature
        ИмяФайла: e:\vanessa\vanessa-automation\features\Libraries\Условие\step_definitions\Условие.epf
        ИмяПроцедуры: ЯВызываюИсключение
        ИмяРаннера: ts1scont
        ТипПлатформы: Windows x86
        ТипКлиентаТестирования: Тонкий
        СтрокаСоединения: File="e:\vanessa\corp\features\tools\ServiceBases\Bases\v83CORP";
        PIDКлиентаТестирования: 1420
        ВерсияVA: ver 1.2.038.1
        ВерсияПлатформы: 8.3.19.1229
        РежимСовместимостиTestManager: Версия8_3_18
        ДатаВремяОшибки: 27.08.2022 22:40:44
</error>
			<system-out>[[ATTACHMENT|/tools/ServiceBases/ScreenShots/36c652eb-d940-425a-bf91-102b78c8a17b-attachment.png]]</system-out>
		</testcase>
		<testcase name="Запись нового &quot;справочника КлассификаторИспользованияРабочегоВремени&quot;" classname="Дымовые тесты" time="3.758"/>
		<testcase name="Запись нового &quot;справочника КлассификаторОС&quot;" classname="Дымовые тесты" time="9.076">
			<error>Не удалось установить значение в поле "Наименование" Справочник.КлассификаторОС.ФормаОбъекта

{ВнешняяОбработка.Условие.Форма.Форма.Форма(263)}:

Технические данные:
        ЗаголовокАктивногоОкна: Классификаторы ОС (создание)
        ИмяАктивнойФормы: Справочник.КлассификаторОС.ФормаОбъекта
        ИмяФичи: Дымовые тесты
        ИмяСценария: Запись нового "справочника КлассификаторОС"
        НомерСтрокиДерева: 1 120
        НомерСтрокиФичи: 1 428
        ПолныйПутьКФиче: E:\vanessa\corp\features\beforeRelease_AllTests\0001. Справочники.ЗаписьНового.feature
        ИмяФайла: e:\vanessa\vanessa-automation\features\Libraries\Условие\step_definitions\Условие.epf
        ИмяПроцедуры: ЯВызываюИсключение
        ИмяРаннера: ts1scont
        ТипПлатформы: Windows x86
        ТипКлиентаТестирования: Тонкий
        СтрокаСоединения: File="e:\vanessa\corp\features\tools\ServiceBases\Bases\v83CORP";
        PIDКлиентаТестирования: 1420
        ВерсияVA: ver 1.2.038.1
        ВерсияПлатформы: 8.3.19.1229
        РежимСовместимостиTestManager: Версия8_3_18
        ДатаВремяОшибки: 27.08.2022 22:41:02
</error>
			<system-out>[[ATTACHMENT|/tools/ServiceBases/ScreenShots/fd569372-0a83-4afc-8000-aabfc95c032a-attachment.png]]</system-out>
		</testcase>
		<testcase name="Запись нового &quot;справочника КлассификаторСоцСтатуса&quot;" classname="Дымовые тесты" time="9.03">
			<error>Не удалось установить значение в поле "Наименование" Справочник.КлассификаторСоцСтатуса.ФормаОбъекта

{ВнешняяОбработка.Условие.Форма.Форма.Форма(263)}:

Технические данные:
        ЗаголовокАктивногоОкна: Классификатор соц статуса (создание)
        ИмяАктивнойФормы: Справочник.КлассификаторСоцСтатуса.ФормаОбъекта
        ИмяФичи: Дымовые тесты
        ИмяСценария: Запись нового "справочника КлассификаторСоцСтатуса"
        НомерСтрокиДерева: 1 142
        НомерСтрокиФичи: 1 456
        ПолныйПутьКФиче: E:\vanessa\corp\features\beforeRelease_AllTests\0001. Справочники.ЗаписьНового.feature
        ИмяФайла: e:\vanessa\vanessa-automation\features\Libraries\Условие\step_definitions\Условие.epf
        ИмяПроцедуры: ЯВызываюИсключение
        ИмяРаннера: ts1scont
        ТипПлатформы: Windows x86
        ТипКлиентаТестирования: Тонкий
        СтрокаСоединения: File="e:\vanessa\corp\features\tools\ServiceBases\Bases\v83CORP";
        PIDКлиентаТестирования: 1420
        ВерсияVA: ver 1.2.038.1
        ВерсияПлатформы: 8.3.19.1229
        РежимСовместимостиTestManager: Версия8_3_18
        ДатаВремяОшибки: 27.08.2022 22:41:15
</error>
			<system-out>[[ATTACHMENT|/tools/ServiceBases/ScreenShots/d82fe322-51db-4139-b53a-089e92eefc43-attachment.png]]</system-out>
		</testcase>
		<testcase name="Запись нового &quot;справочника КлассификаторСтранМира&quot;" classname="Дымовые тесты" time="12.07">
			<error>Не удалось установить значение в поле "Наименование" Справочник.КлассификаторСтранМира.Форма.ФормаЭлементаУФ

{ВнешняяОбработка.Условие.Форма.Форма.Форма(263)}:

Технические данные:
        ЗаголовокАктивногоОкна: Классификатор стран мира: Классификатор стран мира (создание)
        ИмяАктивнойФормы: Справочник.КлассификаторСтранМира.Форма.ФормаЭлементаУФ
        ИмяФичи: Дымовые тесты
        ИмяСценария: Запись нового "справочника КлассификаторСтранМира"
        НомерСтрокиДерева: 1 164
        НомерСтрокиФичи: 1 484
        ПолныйПутьКФиче: E:\vanessa\corp\features\beforeRelease_AllTests\0001. Справочники.ЗаписьНового.feature
        ИмяФайла: e:\vanessa\vanessa-automation\features\Libraries\Условие\step_definitions\Условие.epf
        ИмяПроцедуры: ЯВызываюИсключение
        ИмяРаннера: ts1scont
        ТипПлатформы: Windows x86
        ТипКлиентаТестирования: Тонкий
        СтрокаСоединения: File="e:\vanessa\corp\features\tools\ServiceBases\Bases\v83CORP";
        PIDКлиентаТестирования: 1420
        ВерсияVA: ver 1.2.038.1
        ВерсияПлатформы: 8.3.19.1229
        РежимСовместимостиTestManager: Версия8_3_18
        ДатаВремяОшибки: 27.08.2022 22:41:31
</error>
			<system-out>[[ATTACHMENT|/tools/ServiceBases/ScreenShots/a2b401ab-8dea-456e-8a6c-bb862ef4b14a-attachment.png]]</system-out>
		</testcase>
		<testcase name="Запись нового &quot;справочника КлассификаторТрудовыхОтношений&quot;" classname="Дымовые тесты" time="8.716">
			<error>Не удалось установить значение в поле "Наименование" Справочник.КлассификаторТрудовыхОтношений.ФормаОбъекта

{ВнешняяОбработка.Условие.Форма.Форма.Форма(263)}:

Технические данные:
        ЗаголовокАктивногоОкна: Ситуация о трудовых отношениях (создание)
        ИмяАктивнойФормы: Справочник.КлассификаторТрудовыхОтношений.ФормаОбъекта
        ИмяФичи: Дымовые тесты
        ИмяСценария: Запись нового "справочника КлассификаторТрудовыхОтношений"
        НомерСтрокиДерева: 1 186
        НомерСтрокиФичи: 1 512
        ПолныйПутьКФиче: E:\vanessa\corp\features\beforeRelease_AllTests\0001. Справочники.ЗаписьНового.feature
        ИмяФайла: e:\vanessa\vanessa-automation\features\Libraries\Условие\step_definitions\Условие.epf
        ИмяПроцедуры: ЯВызываюИсключение
        ИмяРаннера: ts1scont
        ТипПлатформы: Windows x86
        ТипКлиентаТестирования: Тонкий
        СтрокаСоединения: File="e:\vanessa\corp\features\tools\ServiceBases\Bases\v83CORP";
        PIDКлиентаТестирования: 1420
        ВерсияVA: ver 1.2.038.1
        ВерсияПлатформы: 8.3.19.1229
        РежимСовместимостиTestManager: Версия8_3_18
        ДатаВремяОшибки: 27.08.2022 22:41:44
</error>
			<system-out>[[ATTACHMENT|/tools/ServiceBases/ScreenShots/b98a37be-16d7-4459-b323-5243b82afd60-attachment.png]]</system-out>
		</testcase>
		<testcase name="Запись нового &quot;справочника КодыГосударственнойНалоговойИнспекции&quot;" classname="Дымовые тесты" time="9.004">
			<error>Не удалось установить значение в поле "Наименование" Справочник.КодыГосударственнойНалоговойИнспекции.ФормаОбъекта

{ВнешняяОбработка.Условие.Форма.Форма.Форма(263)}:

Технические данные:
        ЗаголовокАктивногоОкна: Коды Государственной Налоговой Инспекции (создание)
        ИмяАктивнойФормы: Справочник.КодыГосударственнойНалоговойИнспекции.ФормаОбъекта
        ИмяФичи: Дымовые тесты
        ИмяСценария: Запись нового "справочника КодыГосударственнойНалоговойИнспекции"
        НомерСтрокиДерева: 1 208
        НомерСтрокиФичи: 1 540
        ПолныйПутьКФиче: E:\vanessa\corp\features\beforeRelease_AllTests\0001. Справочники.ЗаписьНового.feature
        ИмяФайла: e:\vanessa\vanessa-automation\features\Libraries\Условие\step_definitions\Условие.epf
        ИмяПроцедуры: ЯВызываюИсключение
        ИмяРаннера: ts1scont
        ТипПлатформы: Windows x86
        ТипКлиентаТестирования: Тонкий
        СтрокаСоединения: File="e:\vanessa\corp\features\tools\ServiceBases\Bases\v83CORP";
        PIDКлиентаТестирования: 1420
        ВерсияVA: ver 1.2.038.1
        ВерсияПлатформы: 8.3.19.1229
        РежимСовместимостиTestManager: Версия8_3_18
        ДатаВремяОшибки: 27.08.2022 22:41:57
</error>
			<system-out>[[ATTACHMENT|/tools/ServiceBases/ScreenShots/57e8cfbe-e9be-4ea5-ba57-556920ec257b-attachment.png]]</system-out>
		</testcase>
		<testcase name="Запись нового &quot;справочника КодыРасходовСоцФонда&quot;" classname="Дымовые тесты" time="9.981">
			<error>Не удалось установить значение в поле "Наименование" Справочник.КодыРасходовСоцФонда.ФормаОбъекта

{ВнешняяОбработка.Условие.Форма.Форма.Форма(263)}:

Технические данные:
        ЗаголовокАктивногоОкна: Коды расходов СоцФонда (создание)
        ИмяАктивнойФормы: Справочник.КодыРасходовСоцФонда.ФормаОбъекта
        ИмяФичи: Дымовые тесты
        ИмяСценария: Запись нового "справочника КодыРасходовСоцФонда"
        НомерСтрокиДерева: 1 230
        НомерСтрокиФичи: 1 568
        ПолныйПутьКФиче: E:\vanessa\corp\features\beforeRelease_AllTests\0001. Справочники.ЗаписьНового.feature
        ИмяФайла: e:\vanessa\vanessa-automation\features\Libraries\Условие\step_definitions\Условие.epf
        ИмяПроцедуры: ЯВызываюИсключение
        ИмяРаннера: ts1scont
        ТипПлатформы: Windows x86
        ТипКлиентаТестирования: Тонкий
        СтрокаСоединения: File="e:\vanessa\corp\features\tools\ServiceBases\Bases\v83CORP";
        PIDКлиентаТестирования: 1420
        ВерсияVA: ver 1.2.038.1
        ВерсияПлатформы: 8.3.19.1229
        РежимСовместимостиTestManager: Версия8_3_18
        ДатаВремяОшибки: 27.08.2022 22:42:11
</error>
			<system-out>[[ATTACHMENT|/tools/ServiceBases/ScreenShots/c94a20fd-648c-4530-b4bd-299dea58fe33-attachment.png]]</system-out>
		</testcase>
		<testcase name="Запись нового &quot;справочника КоммунальныеУслуги&quot;" classname="Дымовые тесты" time="9.019">
			<error>Не удалось установить значение в поле "Наименование" Справочник.КоммунальныеУслуги.ФормаОбъекта

{ВнешняяОбработка.Условие.Форма.Форма.Форма(263)}:

Технические данные:
        ЗаголовокАктивногоОкна: Коммунальные услуги (ЖКХ) (создание)
        ИмяАктивнойФормы: Справочник.КоммунальныеУслуги.ФормаОбъекта
        ИмяФичи: Дымовые тесты
        ИмяСценария: Запись нового "справочника КоммунальныеУслуги"
        НомерСтрокиДерева: 1 252
        НомерСтрокиФичи: 1 596
        ПолныйПутьКФиче: E:\vanessa\corp\features\beforeRelease_AllTests\0001. Справочники.ЗаписьНового.feature
        ИмяФайла: e:\vanessa\vanessa-automation\features\Libraries\Условие\step_definitions\Условие.epf
        ИмяПроцедуры: ЯВызываюИсключение
        ИмяРаннера: ts1scont
        ТипПлатформы: Windows x86
        ТипКлиентаТестирования: Тонкий
        СтрокаСоединения: File="e:\vanessa\corp\features\tools\ServiceBases\Bases\v83CORP";
        PIDКлиентаТестирования: 1420
        ВерсияVA: ver 1.2.038.1
        ВерсияПлатформы: 8.3.19.1229
        РежимСовместимостиTestManager: Версия8_3_18
        ДатаВремяОшибки: 27.08.2022 22:42:24
</error>
			<system-out>[[ATTACHMENT|/tools/ServiceBases/ScreenShots/30ad5c97-a1d5-4aba-af08-4acfc9d635d2-attachment.png]]</system-out>
		</testcase>
		<testcase name="Запись нового &quot;справочника Контрагенты&quot;" classname="Дымовые тесты" time="9.11">
			<error>Элемента формы с именем &lt;Наименование&gt; не найдено.

{ВнешняяОбработка.VanessaAutomation.Форма.УправляемаяФорма.Форма(6328)}:

Технические данные:
        ЗаголовокАктивногоОкна: Контрагенты (создание)
        ИмяАктивнойФормы: Справочник.Контрагенты.Форма.ФормаЭлементаУФ
        ИмяФичи: Дымовые тесты
        ИмяСценария: Запись нового "справочника Контрагенты"
        НомерСтрокиДерева: 1 269
        НомерСтрокиФичи: 1 619
        ПолныйПутьКФиче: E:\vanessa\corp\features\beforeRelease_AllTests\0001. Справочники.ЗаписьНового.feature
        ИмяФайла: e:\vanessa\vanessa-automation\features\Libraries\Условие\step_definitions\Условие.epf
        ИмяПроцедуры: ЭлементДоступенДляРедактированияТогда
        ИмяРаннера: ts1scont
        ТипПлатформы: Windows x86
        ТипКлиентаТестирования: Тонкий
        СтрокаСоединения: File="e:\vanessa\corp\features\tools\ServiceBases\Bases\v83CORP";
        PIDКлиентаТестирования: 1420
        ВерсияVA: ver 1.2.038.1
        ВерсияПлатформы: 8.3.19.1229
        РежимСовместимостиTestManager: Версия8_3_18
        ДатаВремяОшибки: 27.08.2022 22:42:37
</error>
			<system-out>[[ATTACHMENT|/tools/ServiceBases/ScreenShots/edf554b6-b3f6-435d-992b-dbb2c1f22a5a-attachment.png]]</system-out>
		</testcase>
		<testcase name="Запись нового &quot;справочника Контролеры&quot;" classname="Дымовые тесты" time="8.962">
			<error>Не удалось установить значение в поле "Наименование" Справочник.Контролеры.ФормаОбъекта

{ВнешняяОбработка.Условие.Форма.Форма.Форма(263)}:

Технические данные:
        ЗаголовокАктивногоОкна: Контролеры (ЖКХ) (создание)
        ИмяАктивнойФормы: Справочник.Контролеры.ФормаОбъекта
        ИмяФичи: Дымовые тесты
        ИмяСценария: Запись нового "справочника Контролеры"
        НомерСтрокиДерева: 1 296
        НомерСтрокиФичи: 1 652
        ПолныйПутьКФиче: E:\vanessa\corp\features\beforeRelease_AllTests\0001. Справочники.ЗаписьНового.feature
        ИмяФайла: e:\vanessa\vanessa-automation\features\Libraries\Условие\step_definitions\Условие.epf
        ИмяПроцедуры: ЯВызываюИсключение
        ИмяРаннера: ts1scont
        ТипПлатформы: Windows x86
        ТипКлиентаТестирования: Тонкий
        СтрокаСоединения: File="e:\vanessa\corp\features\tools\ServiceBases\Bases\v83CORP";
        PIDКлиентаТестирования: 1420
        ВерсияVA: ver 1.2.038.1
        ВерсияПлатформы: 8.3.19.1229
        РежимСовместимостиTestManager: Версия8_3_18
        ДатаВремяОшибки: 27.08.2022 22:42:50
</error>
			<system-out>[[ATTACHMENT|/tools/ServiceBases/ScreenShots/84c0c456-8d0b-4c30-ada6-3c9a5203f19e-attachment.png]]</system-out>
		</testcase>
		<testcase name="Запись нового &quot;справочника КОПФ&quot;" classname="Дымовые тесты" time="3.837"/>
		<testcase name="Запись нового &quot;справочника КФС&quot;" classname="Дымовые тесты" time="3.905"/>
		<testcase name="Запись нового &quot;справочника Марки&quot;" classname="Дымовые тесты" time="9.03">
			<error>Не удалось установить значение в поле "Наименование" Справочник.Марки.ФормаОбъекта

{ВнешняяОбработка.Условие.Форма.Форма.Форма(263)}:

Технические данные:
        ЗаголовокАктивногоОкна: Марки (создание)
        ИмяАктивнойФормы: Справочник.Марки.ФормаОбъекта
        ИмяФичи: Дымовые тесты
        ИмяСценария: Запись нового "справочника Марки"
        НомерСтрокиДерева: 1 362
        НомерСтрокиФичи: 1 736
        ПолныйПутьКФиче: E:\vanessa\corp\features\beforeRelease_AllTests\0001. Справочники.ЗаписьНового.feature
        ИмяФайла: e:\vanessa\vanessa-automation\features\Libraries\Условие\step_definitions\Условие.epf
        ИмяПроцедуры: ЯВызываюИсключение
        ИмяРаннера: ts1scont
        ТипПлатформы: Windows x86
        ТипКлиентаТестирования: Тонкий
        СтрокаСоединения: File="e:\vanessa\corp\features\tools\ServiceBases\Bases\v83CORP";
        PIDКлиентаТестирования: 1420
        ВерсияVA: ver 1.2.038.1
        ВерсияПлатформы: 8.3.19.1229
        РежимСовместимостиTestManager: Версия8_3_18
        ДатаВремяОшибки: 27.08.2022 22:43:13
</error>
			<system-out>[[ATTACHMENT|/tools/ServiceBases/ScreenShots/882db2c4-d874-4848-a6c6-423e3f87ace4-attachment.png]]</system-out>
		</testcase>
		<testcase name="Запись нового &quot;справочника МБП&quot;" classname="Дымовые тесты" time="3.827"/>
		<testcase name="Запись нового &quot;справочника МесяцГод&quot;" classname="Дымовые тесты" time="8.97">
			<error>Не удалось установить значение в поле "Наименование" Справочник.МесяцГод.ФормаОбъекта

{ВнешняяОбработка.Условие.Форма.Форма.Форма(263)}:

Технические данные:
        ЗаголовокАктивногоОкна: Месяцы (создание)
        ИмяАктивнойФормы: Справочник.МесяцГод.ФормаОбъекта
        ИмяФичи: Дымовые тесты
        ИмяСценария: Запись нового "справочника МесяцГод"
        НомерСтрокиДерева: 1 406
        НомерСтрокиФичи: 1 792
        ПолныйПутьКФиче: E:\vanessa\corp\features\beforeRelease_AllTests\0001. Справочники.ЗаписьНового.feature
        ИмяФайла: e:\vanessa\vanessa-automation\features\Libraries\Условие\step_definitions\Условие.epf
        ИмяПроцедуры: ЯВызываюИсключение
        ИмяРаннера: ts1scont
        ТипПлатформы: Windows x86
        ТипКлиентаТестирования: Тонкий
        СтрокаСоединения: File="e:\vanessa\corp\features\tools\ServiceBases\Bases\v83CORP";
        PIDКлиентаТестирования: 1420
        ВерсияVA: ver 1.2.038.1
        ВерсияПлатформы: 8.3.19.1229
        РежимСовместимостиTestManager: Версия8_3_18
        ДатаВремяОшибки: 27.08.2022 22:43:31
</error>
			<system-out>[[ATTACHMENT|/tools/ServiceBases/ScreenShots/77dc8c6b-243a-4429-b263-3c333c50974a-attachment.png]]</system-out>
		</testcase>
		<testcase name="Запись нового &quot;справочника Налоги&quot;" classname="Дымовые тесты" time="8.984">
			<error>Элемента формы с именем &lt;Наименование&gt; не найдено.

{ВнешняяОбработка.VanessaAutomation.Форма.УправляемаяФорма.Форма(6328)}:

Технические данные:
        ЗаголовокАктивногоОкна: Налоги (создание)
        ИмяАктивнойФормы: Справочник.Налоги.Форма.ФормаЭлементаУФ
        ИмяФичи: Дымовые тесты
        ИмяСценария: Запись нового "справочника Налоги"
        НомерСтрокиДерева: 1 423
        НомерСтрокиФичи: 1 815
        ПолныйПутьКФиче: E:\vanessa\corp\features\beforeRelease_AllTests\0001. Справочники.ЗаписьНового.feature
        ИмяФайла: e:\vanessa\vanessa-automation\features\Libraries\Условие\step_definitions\Условие.epf
        ИмяПроцедуры: ЭлементДоступенДляРедактированияТогда
        ИмяРаннера: ts1scont
        ТипПлатформы: Windows x86
        ТипКлиентаТестирования: Тонкий
        СтрокаСоединения: File="e:\vanessa\corp\features\tools\ServiceBases\Bases\v83CORP";
        PIDКлиентаТестирования: 1420
        ВерсияVA: ver 1.2.038.1
        ВерсияПлатформы: 8.3.19.1229
        РежимСовместимостиTestManager: Версия8_3_18
        ДатаВремяОшибки: 27.08.2022 22:43:44
</error>
			<system-out>[[ATTACHMENT|/tools/ServiceBases/ScreenShots/6b40ea51-684a-4617-9928-9d27362f73e3-attachment.png]]</system-out>
		</testcase>
		<testcase name="Запись нового &quot;справочника НастройкиВыписки&quot;" classname="Дымовые тесты" time="3.896"/>
		<testcase name="Запись нового &quot;справочника НастройкиОбменаДанными&quot;" classname="Дымовые тесты" time="9.053">
			<error>Не удалось установить значение в поле "Наименование" Справочник.НастройкиОбменаДанными.ФормаОбъекта

{ВнешняяОбработка.Условие.Форма.Форма.Форма(263)}:

Технические данные:
        ЗаголовокАктивногоОкна: Настройки обмена данными (создание)
        ИмяАктивнойФормы: Справочник.НастройкиОбменаДанными.ФормаОбъекта
        ИмяФичи: Дымовые тесты
        ИмяСценария: Запись нового "справочника НастройкиОбменаДанными"
        НомерСтрокиДерева: 1 472
        НомерСтрокиФичи: 1 876
        ПолныйПутьКФиче: E:\vanessa\corp\features\beforeRelease_AllTests\0001. Справочники.ЗаписьНового.feature
        ИмяФайла: e:\vanessa\vanessa-automation\features\Libraries\Условие\step_definitions\Условие.epf
        ИмяПроцедуры: ЯВызываюИсключение
        ИмяРаннера: ts1scont
        ТипПлатформы: Windows x86
        ТипКлиентаТестирования: Тонкий
        СтрокаСоединения: File="e:\vanessa\corp\features\tools\ServiceBases\Bases\v83CORP";
        PIDКлиентаТестирования: 1420
        ВерсияVA: ver 1.2.038.1
        ВерсияПлатформы: 8.3.19.1229
        РежимСовместимостиTestManager: Версия8_3_18
        ДатаВремяОшибки: 27.08.2022 22:44:02
</error>
			<system-out>[[ATTACHMENT|/tools/ServiceBases/ScreenShots/22bc91d5-acc1-4b91-8357-0e8e9aeb0947-attachment.png]]</system-out>
		</testcase>
		<testcase name="Запись нового &quot;справочника НачисленийИУдержаний&quot;" classname="Дымовые тесты" time="10.022">
			<error>Не удалось установить значение в поле "Наименование" Справочник.НачисленийИУдержаний.ФормаОбъекта

{ВнешняяОбработка.Условие.Форма.Форма.Форма(263)}:

Технические данные:
        ЗаголовокАктивногоОкна: Начисления и удержания (создание)
        ИмяАктивнойФормы: Справочник.НачисленийИУдержаний.ФормаОбъекта
        ИмяФичи: Дымовые тесты
        ИмяСценария: Запись нового "справочника НачисленийИУдержаний"
        НомерСтрокиДерева: 1 494
        НомерСтрокиФичи: 1 904
        ПолныйПутьКФиче: E:\vanessa\corp\features\beforeRelease_AllTests\0001. Справочники.ЗаписьНового.feature
        ИмяФайла: e:\vanessa\vanessa-automation\features\Libraries\Условие\step_definitions\Условие.epf
        ИмяПроцедуры: ЯВызываюИсключение
        ИмяРаннера: ts1scont
        ТипПлатформы: Windows x86
        ТипКлиентаТестирования: Тонкий
        СтрокаСоединения: File="e:\vanessa\corp\features\tools\ServiceBases\Bases\v83CORP";
        PIDКлиентаТестирования: 1420
        ВерсияVA: ver 1.2.038.1
        ВерсияПлатформы: 8.3.19.1229
        РежимСовместимостиTestManager: Версия8_3_18
        ДатаВремяОшибки: 27.08.2022 22:44:16
</error>
			<system-out>[[ATTACHMENT|/tools/ServiceBases/ScreenShots/5ecf4272-c208-42d3-b9e4-b424ab2b1f4b-attachment.png]]</system-out>
		</testcase>
		<testcase name="Запись нового &quot;справочника НематАктивы&quot;" classname="Дымовые тесты" time="3.782"/>
		<testcase name="Запись нового &quot;справочника Номенклатура&quot;" classname="Дымовые тесты" time="11.972">
			<error>Не удалось установить значение в поле "Наименование" Справочник.Номенклатура.Форма.ФормаЭлементаУФ

{ВнешняяОбработка.Условие.Форма.Форма.Форма(263)}:

Технические данные:
[...]
			<error>Не удалось установить значение в поле "Наименование" Справочник.МетаданныеДляСтандартныхОтчетов.ФормаОбъекта

{ВнешняяОбработка.Условие.Форма.Форма.Форма(263)}:

Технические данные:
        ЗаголовокАктивногоОкна: Метаданные для стандартных отчетов (создание)
        ИмяАктивнойФормы: Справочник.МетаданныеДляСтандартныхОтчетов.ФормаОбъекта
        ИмяФичи: Дымовые тесты
        ИмяСценария: Запись нового "справочника МетаданныеДляСтандартныхОтчетов"
        НомерСтрокиДерева: 3 166
        НомерСтрокиФичи: 4 032
        ПолныйПутьКФиче: E:\vanessa\corp\features\beforeRelease_AllTests\0001. Справочники.ЗаписьНового.feature
        ИмяФайла: e:\vanessa\vanessa-automation\features\Libraries\Условие\step_definitions\Условие.epf
        ИмяПроцедуры: ЯВызываюИсключение
        ИмяРаннера: ts1scont
        ТипПлатформы: Windows x86
        ТипКлиентаТестирования: Тонкий
        СтрокаСоединения: File="e:\vanessa\corp\features\tools\ServiceBases\Bases\v83CORP";
        PIDКлиентаТестирования: 1420
        ВерсияVA: ver 1.2.038.1
        ВерсияПлатформы: 8.3.19.1229
        РежимСовместимостиTestManager: Версия8_3_18
        ДатаВремяОшибки: 27.08.2022 22:57:41
</error>
			<system-out>[[ATTACHMENT|/tools/ServiceBases/ScreenShots/da891ed1-ba77-412a-a3c3-523b71f14a0b-attachment.png]]</system-out>
		</testcase>
		<testcase name="Запись нового &quot;справочника АвтоПас_АвтоСтанции&quot;" classname="Дымовые тесты" time="13.386">
			<error>Не удалось установить значение в поле "Владелец" Справочник.АвтоПас_АвтоСтанции.Форма.ФормаЭлемента

{ВнешняяОбработка.Условие.Форма.Форма.Форма(263)}:

Технические данные:
        ЗаголовокАктивногоОкна: Авто пас Автостанции (создание)
        ИмяАктивнойФормы: Справочник.АвтоПас_АвтоСтанции.Форма.ФормаЭлемента
        ИмяФичи: Дымовые тесты
        ИмяСценария: Запись нового "справочника АвтоПас_АвтоСтанции"
        НомерСтрокиДерева: 3 195
        НомерСтрокиФичи: 4 068
        ПолныйПутьКФиче: E:\vanessa\corp\features\beforeRelease_AllTests\0001. Справочники.ЗаписьНового.feature
        ИмяФайла: e:\vanessa\vanessa-automation\features\Libraries\Условие\step_definitions\Условие.epf
        ИмяПроцедуры: ЯВызываюИсключение
        ИмяРаннера: ts1scont
        ТипПлатформы: Windows x86
        ТипКлиентаТестирования: Тонкий
        СтрокаСоединения: File="e:\vanessa\corp\features\tools\ServiceBases\Bases\v83CORP";
        PIDКлиентаТестирования: 1420
        ВерсияVA: ver 1.2.038.1
        ВерсияПлатформы: 8.3.19.1229
        РежимСовместимостиTestManager: Версия8_3_18
        ДатаВремяОшибки: 27.08.2022 22:57:58
</error>
			<system-out>[[ATTACHMENT|/tools/ServiceBases/ScreenShots/4e702981-4c4a-4e76-b26f-3c2a4adf1a19-attachment.png]]</system-out>
		</testcase>
		<testcase name="Запись нового &quot;справочника АвтоПас_Города&quot;" classname="Дымовые тесты" time="8.994">
			<error>Не удалось установить значение в поле "Наименование" Справочник.АвтоПас_Города.ФормаОбъекта

{ВнешняяОбработка.Условие.Форма.Форма.Форма(263)}:

Технические данные:
        ЗаголовокАктивногоОкна: Города (создание)
        ИмяАктивнойФормы: Справочник.АвтоПас_Города.ФормаОбъекта
        ИмяФичи: Дымовые тесты
        ИмяСценария: Запись нового "справочника АвтоПас_Города"
        НомерСтрокиДерева: 3 217
        НомерСтрокиФичи: 4 096
        ПолныйПутьКФиче: E:\vanessa\corp\features\beforeRelease_AllTests\0001. Справочники.ЗаписьНового.feature
        ИмяФайла: e:\vanessa\vanessa-automation\features\Libraries\Условие\step_definitions\Условие.epf
        ИмяПроцедуры: ЯВызываюИсключение
        ИмяРаннера: ts1scont
        ТипПлатформы: Windows x86
        ТипКлиентаТестирования: Тонкий
        СтрокаСоединения: File="e:\vanessa\corp\features\tools\ServiceBases\Bases\v83CORP";
        PIDКлиентаТестирования: 1420
        ВерсияVA: ver 1.2.038.1
        ВерсияПлатформы: 8.3.19.1229
        РежимСовместимостиTestManager: Версия8_3_18
        ДатаВремяОшибки: 27.08.2022 22:58:12
</error>
			<system-out>[[ATTACHMENT|/tools/ServiceBases/ScreenShots/32bb9881-ebbc-4f82-8812-811f962d6bc6-attachment.png]]</system-out>
		</testcase>
		<testcase name="Запись нового &quot;справочника АвтоПас_ГрафикиМаршрутов&quot;" classname="Дымовые тесты" time="12.976">
			<error>Не удалось установить значение в поле "Владелец" Справочник.АвтоПас_ГрафикиМаршрутов.Форма.ФормаЭлемента

{ВнешняяОбработка.Условие.Форма.Форма.Форма(263)}:

Технические данные:
        ЗаголовокАктивногоОкна: Авто пас графики маршрутов (создание)
        ИмяАктивнойФормы: Справочник.АвтоПас_ГрафикиМаршрутов.Форма.ФормаЭлемента
        ИмяФичи: Дымовые тесты
        ИмяСценария: Запись нового "справочника АвтоПас_ГрафикиМаршрутов"
        НомерСтрокиДерева: 3 253
        НомерСтрокиФичи: 4 140
        ПолныйПутьКФиче: E:\vanessa\corp\features\beforeRelease_AllTests\0001. Справочники.ЗаписьНового.feature
        ИмяФайла: e:\vanessa\vanessa-automation\features\Libraries\Условие\step_definitions\Условие.epf
        ИмяПроцедуры: ЯВызываюИсключение
        ИмяРаннера: ts1scont
        ТипПлатформы: Windows x86
        ТипКлиентаТестирования: Тонкий
        СтрокаСоединения: File="e:\vanessa\corp\features\tools\ServiceBases\Bases\v83CORP";
        PIDКлиентаТестирования: 1420
        ВерсияVA: ver 1.2.038.1
        ВерсияПлатформы: 8.3.19.1229
        РежимСовместимостиTestManager: Версия8_3_18
        ДатаВремяОшибки: 27.08.2022 22:58:29
</error>
			<system-out>[[ATTACHMENT|/tools/ServiceBases/ScreenShots/6ed74d6b-3709-469c-8e6c-f6f1e0f2cc00-attachment.png]]</system-out>
		</testcase>
		<testcase name="Запись нового &quot;справочника Договора&quot;" classname="Дымовые тесты" time="9.02">
			<error>Элемента формы с именем &lt;Наименование&gt; не найдено.

{ВнешняяОбработка.VanessaAutomation.Форма.УправляемаяФорма.Форма(6328)}:

Технические данные:
        ЗаголовокАктивногоОкна: Договора (создание)
        ИмяАктивнойФормы: Справочник.Договора.Форма.ФормаЭлементаУФ
        ИмяФичи: Дымовые тесты
        ИмяСценария: Запись нового "справочника Договора"
        НомерСтрокиДерева: 3 270
        НомерСтрокиФичи: 4 163
        ПолныйПутьКФиче: E:\vanessa\corp\features\beforeRelease_AllTests\0001. Справочники.ЗаписьНового.feature
        ИмяФайла: e:\vanessa\vanessa-automation\features\Libraries\Условие\step_definitions\Условие.epf
        ИмяПроцедуры: ЭлементДоступенДляРедактированияТогда
        ИмяРаннера: ts1scont
        ТипПлатформы: Windows x86
        ТипКлиентаТестирования: Тонкий
        СтрокаСоединения: File="e:\vanessa\corp\features\tools\ServiceBases\Bases\v83CORP";
        PIDКлиентаТестирования: 1420
        ВерсияVA: ver 1.2.038.1
        ВерсияПлатформы: 8.3.19.1229
        РежимСовместимостиTestManager: Версия8_3_18
        ДатаВремяОшибки: 27.08.2022 22:58:42
</error>
			<system-out>[[ATTACHMENT|/tools/ServiceBases/ScreenShots/7a93aef7-1ec2-49e7-a9f5-2d2650ca0f73-attachment.png]]</system-out>
		</testcase>
		<testcase name="Запись нового &quot;справочника НаличиеДрагметалла&quot;" classname="Дымовые тесты" time="9.073">
			<error>Не удалось установить значение в поле "Наименование" Справочник.НаличиеДрагметалла.ФормаОбъекта

{ВнешняяОбработка.Условие.Форма.Форма.Форма(263)}:

Технические данные:
        ЗаголовокАктивногоОкна: Наличие драгметалла (создание)
        ИмяАктивнойФормы: Справочник.НаличиеДрагметалла.ФормаОбъекта
        ИмяФичи: Дымовые тесты
        ИмяСценария: Запись нового "справочника НаличиеДрагметалла"
        НомерСтрокиДерева: 3 304
        НомерСтрокиФичи: 4 204
        ПолныйПутьКФиче: E:\vanessa\corp\features\beforeRelease_AllTests\0001. Справочники.ЗаписьНового.feature
        ИмяФайла: e:\vanessa\vanessa-automation\features\Libraries\Условие\step_definitions\Условие.epf
        ИмяПроцедуры: ЯВызываюИсключение
        ИмяРаннера: ts1scont
        ТипПлатформы: Windows x86
        ТипКлиентаТестирования: Тонкий
        СтрокаСоединения: File="e:\vanessa\corp\features\tools\ServiceBases\Bases\v83CORP";
        PIDКлиентаТестирования: 1420
        ВерсияVA: ver 1.2.038.1
        ВерсияПлатформы: 8.3.19.1229
        РежимСовместимостиTestManager: Версия8_3_18
        ДатаВремяОшибки: 27.08.2022 22:58:55
</error>
			<system-out>[[ATTACHMENT|/tools/ServiceBases/ScreenShots/84e41095-5258-4cf3-987e-9dedf35a9b9d-attachment.png]]</system-out>
		</testcase>
		<testcase name="Запись нового &quot;справочника Платежи&quot;" classname="Дымовые тесты" time="8.991">
			<error>Не удалось установить значение в поле "Наименование" Справочник.Платежи.ФормаОбъекта

{ВнешняяОбработка.Условие.Форма.Форма.Форма(263)}:

Технические данные:
        ЗаголовокАктивногоОкна: Назначение платежей (создание)
        ИмяАктивнойФормы: Справочник.Платежи.ФормаОбъекта
        ИмяФичи: Дымовые тесты
        ИмяСценария: Запись нового "справочника Платежи"
        НомерСтрокиДерева: 3 333
        НомерСтрокиФичи: 4 240
        ПолныйПутьКФиче: E:\vanessa\corp\features\beforeRelease_AllTests\0001. Справочники.ЗаписьНового.feature
        ИмяФайла: e:\vanessa\vanessa-automation\features\Libraries\Условие\step_definitions\Условие.epf
        ИмяПроцедуры: ЯВызываюИсключение
        ИмяРаннера: ts1scont
        ТипПлатформы: Windows x86
        ТипКлиентаТестирования: Тонкий
        СтрокаСоединения: File="e:\vanessa\corp\features\tools\ServiceBases\Bases\v83CORP";
        PIDКлиентаТестирования: 1420
        ВерсияVA: ver 1.2.038.1
        ВерсияПлатформы: 8.3.19.1229
        РежимСовместимостиTestManager: Версия8_3_18
        ДатаВремяОшибки: 27.08.2022 22:59:08
</error>
			<system-out>[[ATTACHMENT|/tools/ServiceBases/ScreenShots/154a0f10-2622-4e71-8f49-64f069378fcb-attachment.png]]</system-out>
		</testcase>
		<testcase name="Запись нового &quot;справочника РасчетныеСчета&quot;" classname="Дымовые тесты" time="4.888"/>
		<testcase name="Запись нового &quot;справочника СохраненныеНастройки&quot;" classname="Дымовые тесты" time="5.925">
			<error>Не удалось открыть форму справочника СохраненныеНастройки

{ВнешняяОбработка.Условие.Форма.Форма.Форма(263)}:

Технические данные:
        ЗаголовокАктивногоОкна: 1С:Предприятие
        ИмяАктивнойФормы: ErrorWindow
        ИмяФичи: Дымовые тесты
        ИмяСценария: Запись нового "справочника СохраненныеНастройки"
        НомерСтрокиДерева: 3 380
        НомерСтрокиФичи: 4 299
        ПолныйПутьКФиче: E:\vanessa\corp\features\beforeRelease_AllTests\0001. Справочники.ЗаписьНового.feature
        ИмяФайла: e:\vanessa\vanessa-automation\features\Libraries\Условие\step_definitions\Условие.epf
        ИмяПроцедуры: ЯВызываюИсключение
        ИмяРаннера: ts1scont
        ТипПлатформы: Windows x86
        ТипКлиентаТестирования: Тонкий
        СтрокаСоединения: File="e:\vanessa\corp\features\tools\ServiceBases\Bases\v83CORP";
        PIDКлиентаТестирования: 1420
        ВерсияVA: ver 1.2.038.1
        ВерсияПлатформы: 8.3.19.1229
        РежимСовместимостиTestManager: Версия8_3_18
        ДатаВремяОшибки: 27.08.2022 22:59:24
Текст модального окна:
    К сожалению, возникла непредвиденная ошибка  Попробуйте повторить операцию. Если ошибка повторится, попробуйте перезапустить приложение или обратитесь к администратору приложения или техническому специалисту.
</error>
			<system-out>[[ATTACHMENT|/tools/ServiceBases/ScreenShots/0391eaad-0b97-483a-86e1-440ce6b3c7e3-attachment.png]]</system-out>
		</testcase>
		<testcase name="Запись нового &quot;справочника СпецификацииНоменклатуры&quot;" classname="Дымовые тесты" time="8.746">
			<error>Не удалось установить значение в поле "Наименование" Справочник.СпецификацииНоменклатуры.ФормаОбъекта

{ВнешняяОбработка.Условие.Форма.Форма.Форма(263)}:

Технические данные:
        ЗаголовокАктивногоОкна: Спецификации номенклатуры (создание)
        ИмяАктивнойФормы: Справочник.СпецификацииНоменклатуры.ФормаОбъекта
        ИмяФичи: Дымовые тесты
        ИмяСценария: Запись нового "справочника СпецификацииНоменклатуры"
        НомерСтрокиДерева: 3 420
        НомерСтрокиФичи: 4 348
        ПолныйПутьКФиче: E:\vanessa\corp\features\beforeRelease_AllTests\0001. Справочники.ЗаписьНового.feature
        ИмяФайла: e:\vanessa\vanessa-automation\features\Libraries\Условие\step_definitions\Условие.epf
        ИмяПроцедуры: ЯВызываюИсключение
        ИмяРаннера: ts1scont
        ТипПлатформы: Windows x86
        ТипКлиентаТестирования: Тонкий
        СтрокаСоединения: File="e:\vanessa\corp\features\tools\ServiceBases\Bases\v83CORP";
        PIDКлиентаТестирования: 1420
        ВерсияVA: ver 1.2.038.1
        ВерсияПлатформы: 8.3.19.1229
        РежимСовместимостиTestManager: Версия8_3_18
        ДатаВремяОшибки: 27.08.2022 22:59:39
</error>
			<system-out>[[ATTACHMENT|/tools/ServiceBases/ScreenShots/3168afdf-e876-41f9-ac35-3d1bc95fa9e1-attachment.png]]</system-out>
		</testcase>
		<testcase name="Запись нового &quot;справочника Счетчики&quot;" classname="Дымовые тесты" time="9.001">
			<error>Не удалось установить значение в поле "Наименование" Справочник.Счетчики.ФормаОбъекта

{ВнешняяОбработка.Условие.Форма.Форма.Форма(263)}:

Технические данные:
        ЗаголовокАктивногоОкна: Счетчики (ЖКХ) (создание)
        ИмяАктивнойФормы: Справочник.Счетчики.ФормаОбъекта
        ИмяФичи: Дымовые тесты
        ИмяСценария: Запись нового "справочника Счетчики"
        НомерСтрокиДерева: 3 449
        НомерСтрокиФичи: 4 384
        ПолныйПутьКФиче: E:\vanessa\corp\features\beforeRelease_AllTests\0001. Справочники.ЗаписьНового.feature
        ИмяФайла: e:\vanessa\vanessa-automation\features\Libraries\Условие\step_definitions\Условие.epf
        ИмяПроцедуры: ЯВызываюИсключение
        ИмяРаннера: ts1scont
        ТипПлатформы: Windows x86
        ТипКлиентаТестирования: Тонкий
        СтрокаСоединения: File="e:\vanessa\corp\features\tools\ServiceBases\Bases\v83CORP";
        PIDКлиентаТестирования: 1420
        ВерсияVA: ver 1.2.038.1
        ВерсияПлатформы: 8.3.19.1229
        РежимСовместимостиTestManager: Версия8_3_18
        ДатаВремяОшибки: 27.08.2022 22:59:52
</error>
			<system-out>[[ATTACHMENT|/tools/ServiceBases/ScreenShots/2a9402ff-7364-44d3-baaf-9d8c90b5ab10-attachment.png]]</system-out>
		</testcase>
		<testcase name="Запись нового &quot;справочника ТраншиПроектов&quot;" classname="Дымовые тесты" time="3.919"/>
		<testcase name="Запись нового &quot;справочника ТрудоваяКнижка&quot;" classname="Дымовые тесты" time="9.123">
			<error>Не удалось установить значение в поле "Наименование" Справочник.ТрудоваяКнижка.ФормаОбъекта

{ВнешняяОбработка.Условие.Форма.Форма.Форма(263)}:

Технические данные:
        ЗаголовокАктивногоОкна: Трудовая книжка (создание)
        ИмяАктивнойФормы: Справочник.ТрудоваяКнижка.ФормаОбъекта
        ИмяФичи: Дымовые тесты
        ИмяСценария: Запись нового "справочника ТрудоваяКнижка"
        НомерСтрокиДерева: 3 507
        НомерСтрокиФичи: 4 456
        ПолныйПутьКФиче: E:\vanessa\corp\features\beforeRelease_AllTests\0001. Справочники.ЗаписьНового.feature
        ИмяФайла: e:\vanessa\vanessa-automation\features\Libraries\Условие\step_definitions\Условие.epf
        ИмяПроцедуры: ЯВызываюИсключение
        ИмяРаннера: ts1scont
        ТипПлатформы: Windows x86
        ТипКлиентаТестирования: Тонкий
        СтрокаСоединения: File="e:\vanessa\corp\features\tools\ServiceBases\Bases\v83CORP";
        PIDКлиентаТестирования: 1420
        ВерсияVA: ver 1.2.038.1
        ВерсияПлатформы: 8.3.19.1229
        РежимСовместимостиTestManager: Версия8_3_18
        ДатаВремяОшибки: 27.08.2022 23:00:10
</error>
			<system-out>[[ATTACHMENT|/tools/ServiceBases/ScreenShots/028a7add-6dac-48d4-a5cb-7a83f0f150c2-attachment.png]]</system-out>
		</testcase>
		<testcase name="Запись нового &quot;справочника CRM_КонтактныеЛица&quot;" classname="Дымовые тесты" time="11.996">
			<error>Не удалось установить значение в поле "Наименование" Справочник.CRM_КонтактныеЛица.Форма.ФормаЭлемента

{ВнешняяОбработка.Условие.Форма.Форма.Форма(263)}:

Технические данные:
        ЗаголовокАктивногоОкна: Контактное лицо (создание)
        ИмяАктивнойФормы: Справочник.CRM_КонтактныеЛица.Форма.ФормаЭлемента
        ИмяФичи: Дымовые тесты
        ИмяСценария: Запись нового "справочника CRM_КонтактныеЛица"
        НомерСтрокиДерева: 3 536
        НомерСтрокиФичи: 4 492
        ПолныйПутьКФиче: E:\vanessa\corp\features\beforeRelease_AllTests\0001. Справочники.ЗаписьНового.feature
        ИмяФайла: e:\vanessa\vanessa-automation\features\Libraries\Условие\step_definitions\Условие.epf
        ИмяПроцедуры: ЯВызываюИсключение
        ИмяРаннера: ts1scont
        ТипПлатформы: Windows x86
        ТипКлиентаТестирования: Тонкий
        СтрокаСоединения: File="e:\vanessa\corp\features\tools\ServiceBases\Bases\v83CORP";
        PIDКлиентаТестирования: 1420
        ВерсияVA: ver 1.2.038.1
        ВерсияПлатформы: 8.3.19.1229
        РежимСовместимостиTestManager: Версия8_3_18
        ДатаВремяОшибки: 27.08.2022 23:00:26
</error>
			<system-out>[[ATTACHMENT|/tools/ServiceBases/ScreenShots/e92a232a-204a-4123-8d44-d48b028fadf9-attachment.png]]</system-out>
		</testcase>
		<testcase name="Запись нового &quot;справочника CRM_ПрофилиВСоциальныхСетях&quot;" classname="Дымовые тесты" time="11.779">
			<error>Не удалось установить значение в поле "Наименование" Справочник.CRM_ПрофилиВСоциальныхСетях.Форма.ФормаЭлемента

{ВнешняяОбработка.Условие.Форма.Форма.Форма(263)}:

Технические данные:
        ЗаголовокАктивногоОкна: Профиль (создание)
        ИмяАктивнойФормы: Справочник.CRM_ПрофилиВСоциальныхСетях.Форма.ФормаЭлемента
        ИмяФичи: Дымовые тесты
        ИмяСценария: Запись нового "справочника CRM_ПрофилиВСоциальныхСетях"
        НомерСтрокиДерева: 3 565
        НомерСтрокиФичи: 4 528
        ПолныйПутьКФиче: E:\vanessa\corp\features\beforeRelease_AllTests\0001. Справочники.ЗаписьНового.feature
        ИмяФайла: e:\vanessa\vanessa-automation\features\Libraries\Условие\step_definitions\Условие.epf
        ИмяПроцедуры: ЯВызываюИсключение
        ИмяРаннера: ts1scont
        ТипПлатформы: Windows x86
        ТипКлиентаТестирования: Тонкий
        СтрокаСоединения: File="e:\vanessa\corp\features\tools\ServiceBases\Bases\v83CORP";
        PIDКлиентаТестирования: 1420
        ВерсияVA: ver 1.2.038.1
        ВерсияПлатформы: 8.3.19.1229
        РежимСовместимостиTestManager: Версия8_3_18
        ДатаВремяОшибки: 27.08.2022 23:00:42
</error>
			<system-out>[[ATTACHMENT|/tools/ServiceBases/ScreenShots/2ae9ebb3-cfe7-484c-b7a8-734f7dba0522-attachment.png]]</system-out>
		</testcase>
		<testcase name="Запись нового &quot;справочника CRM_СделкиСКлиентами&quot;" classname="Дымовые тесты" time="13.05">
			<error>Не удалось установить значение в поле "Владелец" Справочник.CRM_СделкиСКлиентами.Форма.ФормаЭлемента

{ВнешняяОбработка.Условие.Форма.Форма.Форма(263)}:

Технические данные:
        ЗаголовокАктивногоОкна: Сделка (создание)
        ИмяАктивнойФормы: Справочник.CRM_СделкиСКлиентами.Форма.ФормаЭлемента
        ИмяФичи: Дымовые тесты
        ИмяСценария: Запись нового "справочника CRM_СделкиСКлиентами"
        НомерСтрокиДерева: 3 601
        НомерСтрокиФичи: 4 572
        ПолныйПутьКФиче: E:\vanessa\corp\features\beforeRelease_AllTests\0001. Справочники.ЗаписьНового.feature
        ИмяФайла: e:\vanessa\vanessa-automation\features\Libraries\Условие\step_definitions\Условие.epf
        ИмяПроцедуры: ЯВызываюИсключение
        ИмяРаннера: ts1scont
        ТипПлатформы: Windows x86
        ТипКлиентаТестирования: Тонкий
        СтрокаСоединения: File="e:\vanessa\corp\features\tools\ServiceBases\Bases\v83CORP";
        PIDКлиентаТестирования: 1420
        ВерсияVA: ver 1.2.038.1
        ВерсияПлатформы: 8.3.19.1229
        РежимСовместимостиTestManager: Версия8_3_18
        ДатаВремяОшибки: 27.08.2022 23:00:59
</error>
			<system-out>[[ATTACHMENT|/tools/ServiceBases/ScreenShots/55b3ee9e-da78-45b4-9e4d-c95693bb9f69-attachment.png]]</system-out>
		</testcase>
	</testsuite>
</testsuites>